[2023-02-23 11:40:32] local.ERROR: Class 'Maatwebsite\Excel\ExcelServiceProvider' not found {"exception":"[object] (Symfony\\Component\\Debug\\Exception\\FatalThrowableError(code: 0): Class 'Maatwebsite\\Excel\\ExcelServiceProvider' not found at /var/www/html/prasun/wbcoopcsp/vendor/laravel/framework/src/Illuminate/Foundation/ProviderRepository.php:208)
[stacktrace]
#0 /var/www/html/prasun/wbcoopcsp/vendor/laravel/framework/src/Illuminate/Foundation/ProviderRepository.php(144): Illuminate\\Foundation\\ProviderRepository->createProvider()
#1 /var/www/html/prasun/wbcoopcsp/vendor/laravel/framework/src/Illuminate/Foundation/ProviderRepository.php(61): Illuminate\\Foundation\\ProviderRepository->compileManifest()
#2 /var/www/html/prasun/wbcoopcsp/vendor/laravel/framework/src/Illuminate/Foundation/Application.php(585): Illuminate\\Foundation\\ProviderRepository->load()
#3 /var/www/html/prasun/wbcoopcsp/vendor/laravel/framework/src/Illuminate/Foundation/Bootstrap/RegisterProviders.php(17): Illuminate\\Foundation\\Application->registerConfiguredProviders()
#4 /var/www/html/prasun/wbcoopcsp/vendor/laravel/framework/src/Illuminate/Foundation/Application.php(211): Illuminate\\Foundation\\Bootstrap\\RegisterProviders->bootstrap()
#5 /var/www/html/prasun/wbcoopcsp/vendor/laravel/framework/src/Illuminate/Foundation/Http/Kernel.php(162): Illuminate\\Foundation\\Application->bootstrapWith()
#6 /var/www/html/prasun/wbcoopcsp/vendor/laravel/framework/src/Illuminate/Foundation/Http/Kernel.php(146): Illuminate\\Foundation\\Http\\Kernel->bootstrap()
#7 /var/www/html/prasun/wbcoopcsp/vendor/laravel/framework/src/Illuminate/Foundation/Http/Kernel.php(116): Illuminate\\Foundation\\Http\\Kernel->sendRequestThroughRouter()
#8 /var/www/html/prasun/wbcoopcsp/public/index.php(55): Illuminate\\Foundation\\Http\\Kernel->handle()
#9 /var/www/html/prasun/wbcoopcsp/server.php(21): require_once('/var/www/html/p...')
#10 {main}
"} 
[2023-02-23 11:46:16] local.ERROR: Class 'Maatwebsite\Excel\ExcelServiceProvider' not found {"exception":"[object] (Symfony\\Component\\Debug\\Exception\\FatalThrowableError(code: 0): Class 'Maatwebsite\\Excel\\ExcelServiceProvider' not found at /var/www/html/prasun/wbcoopcsp/vendor/laravel/framework/src/Illuminate/Foundation/ProviderRepository.php:208)
[stacktrace]
#0 /var/www/html/prasun/wbcoopcsp/vendor/laravel/framework/src/Illuminate/Foundation/ProviderRepository.php(144): Illuminate\\Foundation\\ProviderRepository->createProvider()
#1 /var/www/html/prasun/wbcoopcsp/vendor/laravel/framework/src/Illuminate/Foundation/ProviderRepository.php(61): Illuminate\\Foundation\\ProviderRepository->compileManifest()
#2 /var/www/html/prasun/wbcoopcsp/vendor/laravel/framework/src/Illuminate/Foundation/Application.php(585): Illuminate\\Foundation\\ProviderRepository->load()
#3 /var/www/html/prasun/wbcoopcsp/vendor/laravel/framework/src/Illuminate/Foundation/Bootstrap/RegisterProviders.php(17): Illuminate\\Foundation\\Application->registerConfiguredProviders()
#4 /var/www/html/prasun/wbcoopcsp/vendor/laravel/framework/src/Illuminate/Foundation/Application.php(211): Illuminate\\Foundation\\Bootstrap\\RegisterProviders->bootstrap()
#5 /var/www/html/prasun/wbcoopcsp/vendor/laravel/framework/src/Illuminate/Foundation/Http/Kernel.php(162): Illuminate\\Foundation\\Application->bootstrapWith()
#6 /var/www/html/prasun/wbcoopcsp/vendor/laravel/framework/src/Illuminate/Foundation/Http/Kernel.php(146): Illuminate\\Foundation\\Http\\Kernel->bootstrap()
#7 /var/www/html/prasun/wbcoopcsp/vendor/laravel/framework/src/Illuminate/Foundation/Http/Kernel.php(116): Illuminate\\Foundation\\Http\\Kernel->sendRequestThroughRouter()
#8 /var/www/html/prasun/wbcoopcsp/public/index.php(55): Illuminate\\Foundation\\Http\\Kernel->handle()
#9 /var/www/html/prasun/wbcoopcsp/server.php(21): require_once('/var/www/html/p...')
#10 {main}
"} 
[2023-02-23 11:46:27] local.ERROR: Class 'Maatwebsite\Excel\ExcelServiceProvider' not found {"exception":"[object] (Symfony\\Component\\Debug\\Exception\\FatalThrowableError(code: 0): Class 'Maatwebsite\\Excel\\ExcelServiceProvider' not found at /var/www/html/prasun/wbcoopcsp/vendor/laravel/framework/src/Illuminate/Foundation/ProviderRepository.php:208)
[stacktrace]
#0 /var/www/html/prasun/wbcoopcsp/vendor/laravel/framework/src/Illuminate/Foundation/ProviderRepository.php(144): Illuminate\\Foundation\\ProviderRepository->createProvider()
#1 /var/www/html/prasun/wbcoopcsp/vendor/laravel/framework/src/Illuminate/Foundation/ProviderRepository.php(61): Illuminate\\Foundation\\ProviderRepository->compileManifest()
#2 /var/www/html/prasun/wbcoopcsp/vendor/laravel/framework/src/Illuminate/Foundation/Application.php(585): Illuminate\\Foundation\\ProviderRepository->load()
#3 /var/www/html/prasun/wbcoopcsp/vendor/laravel/framework/src/Illuminate/Foundation/Bootstrap/RegisterProviders.php(17): Illuminate\\Foundation\\Application->registerConfiguredProviders()
#4 /var/www/html/prasun/wbcoopcsp/vendor/laravel/framework/src/Illuminate/Foundation/Application.php(211): Illuminate\\Foundation\\Bootstrap\\RegisterProviders->bootstrap()
#5 /var/www/html/prasun/wbcoopcsp/vendor/laravel/framework/src/Illuminate/Foundation/Console/Kernel.php(320): Illuminate\\Foundation\\Application->bootstrapWith()
#6 /var/www/html/prasun/wbcoopcsp/vendor/laravel/framework/src/Illuminate/Foundation/Console/Kernel.php(129): Illuminate\\Foundation\\Console\\Kernel->bootstrap()
#7 /var/www/html/prasun/wbcoopcsp/artisan(37): Illuminate\\Foundation\\Console\\Kernel->handle()
#8 {main}
"} 
[2023-02-23 12:02:36] local.ERROR: Class 'Composer\InstalledVersions' not found {"exception":"[object] (Symfony\\Component\\Debug\\Exception\\FatalThrowableError(code: 0): Class 'Composer\\InstalledVersions' not found at /var/www/html/prasun/wbcoopcsp/vendor/maatwebsite/excel/src/Cache/CacheManager.php:43)
[stacktrace]
#0 /var/www/html/prasun/wbcoopcsp/vendor/laravel/framework/src/Illuminate/Support/Manager.php(115): Maatwebsite\\Excel\\Cache\\CacheManager->createMemoryDriver()
#1 /var/www/html/prasun/wbcoopcsp/vendor/laravel/framework/src/Illuminate/Support/Manager.php(90): Illuminate\\Support\\Manager->createDriver('memory')
#2 /var/www/html/prasun/wbcoopcsp/vendor/maatwebsite/excel/src/SettingsProvider.php(31): Illuminate\\Support\\Manager->driver()
#3 /var/www/html/prasun/wbcoopcsp/vendor/maatwebsite/excel/src/SettingsProvider.php(25): Maatwebsite\\Excel\\SettingsProvider->configureCellCaching()
#4 /var/www/html/prasun/wbcoopcsp/vendor/maatwebsite/excel/src/ExcelServiceProvider.php(47): Maatwebsite\\Excel\\SettingsProvider->provide()
#5 /var/www/html/prasun/wbcoopcsp/vendor/laravel/framework/src/Illuminate/Foundation/Application.php(867): Maatwebsite\\Excel\\ExcelServiceProvider->Maatwebsite\\Excel\\{closure}(Object(Illuminate\\Foundation\\Application))
#6 /var/www/html/prasun/wbcoopcsp/vendor/laravel/framework/src/Illuminate/Foundation/Application.php(816): Illuminate\\Foundation\\Application->fireAppCallbacks(Array)
#7 /var/www/html/prasun/wbcoopcsp/vendor/laravel/framework/src/Illuminate/Foundation/Bootstrap/BootProviders.php(17): Illuminate\\Foundation\\Application->boot()
#8 /var/www/html/prasun/wbcoopcsp/vendor/laravel/framework/src/Illuminate/Foundation/Application.php(211): Illuminate\\Foundation\\Bootstrap\\BootProviders->bootstrap(Object(Illuminate\\Foundation\\Application))
#9 /var/www/html/prasun/wbcoopcsp/vendor/laravel/framework/src/Illuminate/Foundation/Console/Kernel.php(320): Illuminate\\Foundation\\Application->bootstrapWith(Array)
#10 /var/www/html/prasun/wbcoopcsp/vendor/laravel/framework/src/Illuminate/Foundation/Console/Kernel.php(129): Illuminate\\Foundation\\Console\\Kernel->bootstrap()
#11 /var/www/html/prasun/wbcoopcsp/artisan(37): Illuminate\\Foundation\\Console\\Kernel->handle(Object(Symfony\\Component\\Console\\Input\\ArgvInput), Object(Symfony\\Component\\Console\\Output\\ConsoleOutput))
#12 {main}
"} 
[2023-02-23 12:05:24] local.ERROR: Class 'Composer\InstalledVersions' not found {"exception":"[object] (Symfony\\Component\\Debug\\Exception\\FatalThrowableError(code: 0): Class 'Composer\\InstalledVersions' not found at /var/www/html/prasun/wbcoopcsp/vendor/maatwebsite/excel/src/Cache/CacheManager.php:43)
[stacktrace]
#0 /var/www/html/prasun/wbcoopcsp/vendor/laravel/framework/src/Illuminate/Support/Manager.php(115): Maatwebsite\\Excel\\Cache\\CacheManager->createMemoryDriver()
#1 /var/www/html/prasun/wbcoopcsp/vendor/laravel/framework/src/Illuminate/Support/Manager.php(90): Illuminate\\Support\\Manager->createDriver()
#2 /var/www/html/prasun/wbcoopcsp/vendor/maatwebsite/excel/src/SettingsProvider.php(31): Illuminate\\Support\\Manager->driver()
#3 /var/www/html/prasun/wbcoopcsp/vendor/maatwebsite/excel/src/SettingsProvider.php(25): Maatwebsite\\Excel\\SettingsProvider->configureCellCaching()
#4 /var/www/html/prasun/wbcoopcsp/vendor/maatwebsite/excel/src/ExcelServiceProvider.php(47): Maatwebsite\\Excel\\SettingsProvider->provide()
#5 /var/www/html/prasun/wbcoopcsp/vendor/laravel/framework/src/Illuminate/Foundation/Application.php(867): Maatwebsite\\Excel\\ExcelServiceProvider->Maatwebsite\\Excel\\{closure}()
#6 /var/www/html/prasun/wbcoopcsp/vendor/laravel/framework/src/Illuminate/Foundation/Application.php(816): Illuminate\\Foundation\\Application->fireAppCallbacks()
#7 /var/www/html/prasun/wbcoopcsp/vendor/laravel/framework/src/Illuminate/Foundation/Bootstrap/BootProviders.php(17): Illuminate\\Foundation\\Application->boot()
#8 /var/www/html/prasun/wbcoopcsp/vendor/laravel/framework/src/Illuminate/Foundation/Application.php(211): Illuminate\\Foundation\\Bootstrap\\BootProviders->bootstrap()
#9 /var/www/html/prasun/wbcoopcsp/vendor/laravel/framework/src/Illuminate/Foundation/Http/Kernel.php(162): Illuminate\\Foundation\\Application->bootstrapWith()
#10 /var/www/html/prasun/wbcoopcsp/vendor/laravel/framework/src/Illuminate/Foundation/Http/Kernel.php(146): Illuminate\\Foundation\\Http\\Kernel->bootstrap()
#11 /var/www/html/prasun/wbcoopcsp/vendor/laravel/framework/src/Illuminate/Foundation/Http/Kernel.php(116): Illuminate\\Foundation\\Http\\Kernel->sendRequestThroughRouter()
#12 /var/www/html/prasun/wbcoopcsp/public/index.php(55): Illuminate\\Foundation\\Http\\Kernel->handle()
#13 /var/www/html/prasun/wbcoopcsp/server.php(21): require_once('/var/www/html/p...')
#14 {main}
"} 
[2023-02-23 12:05:53] local.ERROR: Class 'Composer\InstalledVersions' not found {"exception":"[object] (Symfony\\Component\\Debug\\Exception\\FatalThrowableError(code: 0): Class 'Composer\\InstalledVersions' not found at /var/www/html/prasun/wbcoopcsp/vendor/maatwebsite/excel/src/Cache/CacheManager.php:43)
[stacktrace]
#0 /var/www/html/prasun/wbcoopcsp/vendor/laravel/framework/src/Illuminate/Support/Manager.php(115): Maatwebsite\\Excel\\Cache\\CacheManager->createMemoryDriver()
#1 /var/www/html/prasun/wbcoopcsp/vendor/laravel/framework/src/Illuminate/Support/Manager.php(90): Illuminate\\Support\\Manager->createDriver()
#2 /var/www/html/prasun/wbcoopcsp/vendor/maatwebsite/excel/src/SettingsProvider.php(31): Illuminate\\Support\\Manager->driver()
#3 /var/www/html/prasun/wbcoopcsp/vendor/maatwebsite/excel/src/SettingsProvider.php(25): Maatwebsite\\Excel\\SettingsProvider->configureCellCaching()
#4 /var/www/html/prasun/wbcoopcsp/vendor/maatwebsite/excel/src/ExcelServiceProvider.php(47): Maatwebsite\\Excel\\SettingsProvider->provide()
#5 /var/www/html/prasun/wbcoopcsp/vendor/laravel/framework/src/Illuminate/Foundation/Application.php(867): Maatwebsite\\Excel\\ExcelServiceProvider->Maatwebsite\\Excel\\{closure}()
#6 /var/www/html/prasun/wbcoopcsp/vendor/laravel/framework/src/Illuminate/Foundation/Application.php(816): Illuminate\\Foundation\\Application->fireAppCallbacks()
#7 /var/www/html/prasun/wbcoopcsp/vendor/laravel/framework/src/Illuminate/Foundation/Bootstrap/BootProviders.php(17): Illuminate\\Foundation\\Application->boot()
#8 /var/www/html/prasun/wbcoopcsp/vendor/laravel/framework/src/Illuminate/Foundation/Application.php(211): Illuminate\\Foundation\\Bootstrap\\BootProviders->bootstrap()
#9 /var/www/html/prasun/wbcoopcsp/vendor/laravel/framework/src/Illuminate/Foundation/Http/Kernel.php(162): Illuminate\\Foundation\\Application->bootstrapWith()
#10 /var/www/html/prasun/wbcoopcsp/vendor/laravel/framework/src/Illuminate/Foundation/Http/Kernel.php(146): Illuminate\\Foundation\\Http\\Kernel->bootstrap()
#11 /var/www/html/prasun/wbcoopcsp/vendor/laravel/framework/src/Illuminate/Foundation/Http/Kernel.php(116): Illuminate\\Foundation\\Http\\Kernel->sendRequestThroughRouter()
#12 /var/www/html/prasun/wbcoopcsp/public/index.php(55): Illuminate\\Foundation\\Http\\Kernel->handle()
#13 /var/www/html/prasun/wbcoopcsp/server.php(21): require_once('/var/www/html/p...')
#14 {main}
"} 
[2023-02-23 12:06:40] local.ERROR: Class 'Composer\InstalledVersions' not found {"exception":"[object] (Symfony\\Component\\Debug\\Exception\\FatalThrowableError(code: 0): Class 'Composer\\InstalledVersions' not found at /var/www/html/prasun/wbcoopcsp/vendor/maatwebsite/excel/src/Cache/CacheManager.php:43)
[stacktrace]
#0 /var/www/html/prasun/wbcoopcsp/vendor/laravel/framework/src/Illuminate/Support/Manager.php(115): Maatwebsite\\Excel\\Cache\\CacheManager->createMemoryDriver()
#1 /var/www/html/prasun/wbcoopcsp/vendor/laravel/framework/src/Illuminate/Support/Manager.php(90): Illuminate\\Support\\Manager->createDriver()
#2 /var/www/html/prasun/wbcoopcsp/vendor/maatwebsite/excel/src/SettingsProvider.php(31): Illuminate\\Support\\Manager->driver()
#3 /var/www/html/prasun/wbcoopcsp/vendor/maatwebsite/excel/src/SettingsProvider.php(25): Maatwebsite\\Excel\\SettingsProvider->configureCellCaching()
#4 /var/www/html/prasun/wbcoopcsp/vendor/maatwebsite/excel/src/ExcelServiceProvider.php(47): Maatwebsite\\Excel\\SettingsProvider->provide()
#5 /var/www/html/prasun/wbcoopcsp/vendor/laravel/framework/src/Illuminate/Foundation/Application.php(867): Maatwebsite\\Excel\\ExcelServiceProvider->Maatwebsite\\Excel\\{closure}()
#6 /var/www/html/prasun/wbcoopcsp/vendor/laravel/framework/src/Illuminate/Foundation/Application.php(816): Illuminate\\Foundation\\Application->fireAppCallbacks()
#7 /var/www/html/prasun/wbcoopcsp/vendor/laravel/framework/src/Illuminate/Foundation/Bootstrap/BootProviders.php(17): Illuminate\\Foundation\\Application->boot()
#8 /var/www/html/prasun/wbcoopcsp/vendor/laravel/framework/src/Illuminate/Foundation/Application.php(211): Illuminate\\Foundation\\Bootstrap\\BootProviders->bootstrap()
#9 /var/www/html/prasun/wbcoopcsp/vendor/laravel/framework/src/Illuminate/Foundation/Http/Kernel.php(162): Illuminate\\Foundation\\Application->bootstrapWith()
#10 /var/www/html/prasun/wbcoopcsp/vendor/laravel/framework/src/Illuminate/Foundation/Http/Kernel.php(146): Illuminate\\Foundation\\Http\\Kernel->bootstrap()
#11 /var/www/html/prasun/wbcoopcsp/vendor/laravel/framework/src/Illuminate/Foundation/Http/Kernel.php(116): Illuminate\\Foundation\\Http\\Kernel->sendRequestThroughRouter()
#12 /var/www/html/prasun/wbcoopcsp/public/index.php(55): Illuminate\\Foundation\\Http\\Kernel->handle()
#13 /var/www/html/prasun/wbcoopcsp/server.php(21): require_once('/var/www/html/p...')
#14 {main}
"} 
[2023-02-23 12:06:54] local.ERROR: Class 'Composer\InstalledVersions' not found {"exception":"[object] (Symfony\\Component\\Debug\\Exception\\FatalThrowableError(code: 0): Class 'Composer\\InstalledVersions' not found at /var/www/html/prasun/wbcoopcsp/vendor/maatwebsite/excel/src/Cache/CacheManager.php:43)
[stacktrace]
#0 /var/www/html/prasun/wbcoopcsp/vendor/laravel/framework/src/Illuminate/Support/Manager.php(115): Maatwebsite\\Excel\\Cache\\CacheManager->createMemoryDriver()
#1 /var/www/html/prasun/wbcoopcsp/vendor/laravel/framework/src/Illuminate/Support/Manager.php(90): Illuminate\\Support\\Manager->createDriver('memory')
#2 /var/www/html/prasun/wbcoopcsp/vendor/maatwebsite/excel/src/SettingsProvider.php(31): Illuminate\\Support\\Manager->driver()
#3 /var/www/html/prasun/wbcoopcsp/vendor/maatwebsite/excel/src/SettingsProvider.php(25): Maatwebsite\\Excel\\SettingsProvider->configureCellCaching()
#4 /var/www/html/prasun/wbcoopcsp/vendor/maatwebsite/excel/src/ExcelServiceProvider.php(47): Maatwebsite\\Excel\\SettingsProvider->provide()
#5 /var/www/html/prasun/wbcoopcsp/vendor/laravel/framework/src/Illuminate/Foundation/Application.php(867): Maatwebsite\\Excel\\ExcelServiceProvider->Maatwebsite\\Excel\\{closure}(Object(Illuminate\\Foundation\\Application))
#6 /var/www/html/prasun/wbcoopcsp/vendor/laravel/framework/src/Illuminate/Foundation/Application.php(816): Illuminate\\Foundation\\Application->fireAppCallbacks(Array)
#7 /var/www/html/prasun/wbcoopcsp/vendor/laravel/framework/src/Illuminate/Foundation/Bootstrap/BootProviders.php(17): Illuminate\\Foundation\\Application->boot()
#8 /var/www/html/prasun/wbcoopcsp/vendor/laravel/framework/src/Illuminate/Foundation/Application.php(211): Illuminate\\Foundation\\Bootstrap\\BootProviders->bootstrap(Object(Illuminate\\Foundation\\Application))
#9 /var/www/html/prasun/wbcoopcsp/vendor/laravel/framework/src/Illuminate/Foundation/Console/Kernel.php(320): Illuminate\\Foundation\\Application->bootstrapWith(Array)
#10 /var/www/html/prasun/wbcoopcsp/vendor/laravel/framework/src/Illuminate/Foundation/Console/Kernel.php(129): Illuminate\\Foundation\\Console\\Kernel->bootstrap()
#11 /var/www/html/prasun/wbcoopcsp/artisan(37): Illuminate\\Foundation\\Console\\Kernel->handle(Object(Symfony\\Component\\Console\\Input\\ArgvInput), Object(Symfony\\Component\\Console\\Output\\ConsoleOutput))
#12 {main}
"} 
[2023-02-23 12:17:52] local.ERROR: Class 'Composer\InstalledVersions' not found {"exception":"[object] (Symfony\\Component\\Debug\\Exception\\FatalThrowableError(code: 0): Class 'Composer\\InstalledVersions' not found at /var/www/html/prasun/wbcoopcsp/vendor/maatwebsite/excel/src/Cache/CacheManager.php:43)
[stacktrace]
#0 /var/www/html/prasun/wbcoopcsp/vendor/laravel/framework/src/Illuminate/Support/Manager.php(115): Maatwebsite\\Excel\\Cache\\CacheManager->createMemoryDriver()
#1 /var/www/html/prasun/wbcoopcsp/vendor/laravel/framework/src/Illuminate/Support/Manager.php(90): Illuminate\\Support\\Manager->createDriver('memory')
#2 /var/www/html/prasun/wbcoopcsp/vendor/maatwebsite/excel/src/SettingsProvider.php(31): Illuminate\\Support\\Manager->driver()
#3 /var/www/html/prasun/wbcoopcsp/vendor/maatwebsite/excel/src/SettingsProvider.php(25): Maatwebsite\\Excel\\SettingsProvider->configureCellCaching()
#4 /var/www/html/prasun/wbcoopcsp/vendor/maatwebsite/excel/src/ExcelServiceProvider.php(47): Maatwebsite\\Excel\\SettingsProvider->provide()
#5 /var/www/html/prasun/wbcoopcsp/vendor/laravel/framework/src/Illuminate/Foundation/Application.php(867): Maatwebsite\\Excel\\ExcelServiceProvider->Maatwebsite\\Excel\\{closure}(Object(Illuminate\\Foundation\\Application))
#6 /var/www/html/prasun/wbcoopcsp/vendor/laravel/framework/src/Illuminate/Foundation/Application.php(816): Illuminate\\Foundation\\Application->fireAppCallbacks(Array)
#7 /var/www/html/prasun/wbcoopcsp/vendor/laravel/framework/src/Illuminate/Foundation/Bootstrap/BootProviders.php(17): Illuminate\\Foundation\\Application->boot()
#8 /var/www/html/prasun/wbcoopcsp/vendor/laravel/framework/src/Illuminate/Foundation/Application.php(211): Illuminate\\Foundation\\Bootstrap\\BootProviders->bootstrap(Object(Illuminate\\Foundation\\Application))
#9 /var/www/html/prasun/wbcoopcsp/vendor/laravel/framework/src/Illuminate/Foundation/Console/Kernel.php(320): Illuminate\\Foundation\\Application->bootstrapWith(Array)
#10 /var/www/html/prasun/wbcoopcsp/vendor/laravel/framework/src/Illuminate/Foundation/Console/Kernel.php(129): Illuminate\\Foundation\\Console\\Kernel->bootstrap()
#11 /var/www/html/prasun/wbcoopcsp/artisan(37): Illuminate\\Foundation\\Console\\Kernel->handle(Object(Symfony\\Component\\Console\\Input\\ArgvInput), Object(Symfony\\Component\\Console\\Output\\ConsoleOutput))
#12 {main}
"} 
[2023-02-23 12:24:06] local.ERROR: Class 'Maatwebsite\Excel\Facades\Excel' not found {"exception":"[object] (Symfony\\Component\\Debug\\Exception\\FatalThrowableError(code: 0): Class 'Maatwebsite\\Excel\\Facades\\Excel' not found at /var/www/html/prasun/wbcoopcsp/app/Http/Controllers/admin/AccountController.php:361)
[stacktrace]
#0 [internal function]: App\\Http\\Controllers\\admin\\AccountController->exportUser()
#1 /var/www/html/prasun/wbcoopcsp/vendor/laravel/framework/src/Illuminate/Routing/Controller.php(54): call_user_func_array(Array, Array)
#2 /var/www/html/prasun/wbcoopcsp/vendor/laravel/framework/src/Illuminate/Routing/ControllerDispatcher.php(45): Illuminate\\Routing\\Controller->callAction('exportUser', Array)
#3 /var/www/html/prasun/wbcoopcsp/vendor/laravel/framework/src/Illuminate/Routing/Route.php(219): Illuminate\\Routing\\ControllerDispatcher->dispatch(Object(Illuminate\\Routing\\Route), Object(App\\Http\\Controllers\\admin\\AccountController), 'exportUser')
#4 /var/www/html/prasun/wbcoopcsp/vendor/laravel/framework/src/Illuminate/Routing/Route.php(176): Illuminate\\Routing\\Route->runController()
#5 /var/www/html/prasun/wbcoopcsp/vendor/laravel/framework/src/Illuminate/Routing/Router.php(680): Illuminate\\Routing\\Route->run()
#6 /var/www/html/prasun/wbcoopcsp/vendor/laravel/framework/src/Illuminate/Pipeline/Pipeline.php(130): Illuminate\\Routing\\Router->Illuminate\\Routing\\{closure}(Object(Illuminate\\Http\\Request))
#7 /var/www/html/prasun/wbcoopcsp/app/Http/Middleware/AdminMiddleware.php(49): Illuminate\\Pipeline\\Pipeline->Illuminate\\Pipeline\\{closure}(Object(Illuminate\\Http\\Request))
#8 /var/www/html/prasun/wbcoopcsp/vendor/laravel/framework/src/Illuminate/Pipeline/Pipeline.php(171): App\\Http\\Middleware\\AdminMiddleware->handle(Object(Illuminate\\Http\\Request), Object(Closure))
#9 /var/www/html/prasun/wbcoopcsp/vendor/laravel/framework/src/Illuminate/Routing/Middleware/SubstituteBindings.php(41): Illuminate\\Pipeline\\Pipeline->Illuminate\\Pipeline\\{closure}(Object(Illuminate\\Http\\Request))
#10 /var/www/html/prasun/wbcoopcsp/vendor/laravel/framework/src/Illuminate/Pipeline/Pipeline.php(171): Illuminate\\Routing\\Middleware\\SubstituteBindings->handle(Object(Illuminate\\Http\\Request), Object(Closure))
#11 /var/www/html/prasun/wbcoopcsp/vendor/laravel/framework/src/Illuminate/Foundation/Http/Middleware/VerifyCsrfToken.php(76): Illuminate\\Pipeline\\Pipeline->Illuminate\\Pipeline\\{closure}(Object(Illuminate\\Http\\Request))
#12 /var/www/html/prasun/wbcoopcsp/vendor/laravel/framework/src/Illuminate/Pipeline/Pipeline.php(171): Illuminate\\Foundation\\Http\\Middleware\\VerifyCsrfToken->handle(Object(Illuminate\\Http\\Request), Object(Closure))
#13 /var/www/html/prasun/wbcoopcsp/vendor/laravel/framework/src/Illuminate/View/Middleware/ShareErrorsFromSession.php(49): Illuminate\\Pipeline\\Pipeline->Illuminate\\Pipeline\\{closure}(Object(Illuminate\\Http\\Request))
#14 /var/www/html/prasun/wbcoopcsp/vendor/laravel/framework/src/Illuminate/Pipeline/Pipeline.php(171): Illuminate\\View\\Middleware\\ShareErrorsFromSession->handle(Object(Illuminate\\Http\\Request), Object(Closure))
#15 /var/www/html/prasun/wbcoopcsp/vendor/laravel/framework/src/Illuminate/Session/Middleware/StartSession.php(56): Illuminate\\Pipeline\\Pipeline->Illuminate\\Pipeline\\{closure}(Object(Illuminate\\Http\\Request))
#16 /var/www/html/prasun/wbcoopcsp/vendor/laravel/framework/src/Illuminate/Pipeline/Pipeline.php(171): Illuminate\\Session\\Middleware\\StartSession->handle(Object(Illuminate\\Http\\Request), Object(Closure))
#17 /var/www/html/prasun/wbcoopcsp/vendor/laravel/framework/src/Illuminate/Cookie/Middleware/AddQueuedCookiesToResponse.php(37): Illuminate\\Pipeline\\Pipeline->Illuminate\\Pipeline\\{closure}(Object(Illuminate\\Http\\Request))
#18 /var/www/html/prasun/wbcoopcsp/vendor/laravel/framework/src/Illuminate/Pipeline/Pipeline.php(171): Illuminate\\Cookie\\Middleware\\AddQueuedCookiesToResponse->handle(Object(Illuminate\\Http\\Request), Object(Closure))
#19 /var/www/html/prasun/wbcoopcsp/vendor/laravel/framework/src/Illuminate/Cookie/Middleware/EncryptCookies.php(66): Illuminate\\Pipeline\\Pipeline->Illuminate\\Pipeline\\{closure}(Object(Illuminate\\Http\\Request))
#20 /var/www/html/prasun/wbcoopcsp/vendor/laravel/framework/src/Illuminate/Pipeline/Pipeline.php(171): Illuminate\\Cookie\\Middleware\\EncryptCookies->handle(Object(Illuminate\\Http\\Request), Object(Closure))
#21 /var/www/html/prasun/wbcoopcsp/vendor/laravel/framework/src/Illuminate/Pipeline/Pipeline.php(105): Illuminate\\Pipeline\\Pipeline->Illuminate\\Pipeline\\{closure}(Object(Illuminate\\Http\\Request))
#22 /var/www/html/prasun/wbcoopcsp/vendor/laravel/framework/src/Illuminate/Routing/Router.php(682): Illuminate\\Pipeline\\Pipeline->then(Object(Closure))
#23 /var/www/html/prasun/wbcoopcsp/vendor/laravel/framework/src/Illuminate/Routing/Router.php(657): Illuminate\\Routing\\Router->runRouteWithinStack(Object(Illuminate\\Routing\\Route), Object(Illuminate\\Http\\Request))
#24 /var/www/html/prasun/wbcoopcsp/vendor/laravel/framework/src/Illuminate/Routing/Router.php(623): Illuminate\\Routing\\Router->runRoute(Object(Illuminate\\Http\\Request), Object(Illuminate\\Routing\\Route))
#25 /var/www/html/prasun/wbcoopcsp/vendor/laravel/framework/src/Illuminate/Routing/Router.php(612): Illuminate\\Routing\\Router->dispatchToRoute(Object(Illuminate\\Http\\Request))
#26 /var/www/html/prasun/wbcoopcsp/vendor/laravel/framework/src/Illuminate/Foundation/Http/Kernel.php(176): Illuminate\\Routing\\Router->dispatch(Object(Illuminate\\Http\\Request))
#27 /var/www/html/prasun/wbcoopcsp/vendor/laravel/framework/src/Illuminate/Pipeline/Pipeline.php(130): Illuminate\\Foundation\\Http\\Kernel->Illuminate\\Foundation\\Http\\{closure}(Object(Illuminate\\Http\\Request))
#28 /var/www/html/prasun/wbcoopcsp/vendor/fideloper/proxy/src/TrustProxies.php(57): Illuminate\\Pipeline\\Pipeline->Illuminate\\Pipeline\\{closure}(Object(Illuminate\\Http\\Request))
#29 /var/www/html/prasun/wbcoopcsp/vendor/laravel/framework/src/Illuminate/Pipeline/Pipeline.php(171): Fideloper\\Proxy\\TrustProxies->handle(Object(Illuminate\\Http\\Request), Object(Closure))
#30 /var/www/html/prasun/wbcoopcsp/vendor/laravel/framework/src/Illuminate/Foundation/Http/Middleware/TransformsRequest.php(21): Illuminate\\Pipeline\\Pipeline->Illuminate\\Pipeline\\{closure}(Object(Illuminate\\Http\\Request))
#31 /var/www/html/prasun/wbcoopcsp/vendor/laravel/framework/src/Illuminate/Pipeline/Pipeline.php(171): Illuminate\\Foundation\\Http\\Middleware\\TransformsRequest->handle(Object(Illuminate\\Http\\Request), Object(Closure))
#32 /var/www/html/prasun/wbcoopcsp/vendor/laravel/framework/src/Illuminate/Foundation/Http/Middleware/TransformsRequest.php(21): Illuminate\\Pipeline\\Pipeline->Illuminate\\Pipeline\\{closure}(Object(Illuminate\\Http\\Request))
#33 /var/www/html/prasun/wbcoopcsp/vendor/laravel/framework/src/Illuminate/Pipeline/Pipeline.php(171): Illuminate\\Foundation\\Http\\Middleware\\TransformsRequest->handle(Object(Illuminate\\Http\\Request), Object(Closure))
#34 /var/www/html/prasun/wbcoopcsp/vendor/laravel/framework/src/Illuminate/Foundation/Http/Middleware/ValidatePostSize.php(27): Illuminate\\Pipeline\\Pipeline->Illuminate\\Pipeline\\{closure}(Object(Illuminate\\Http\\Request))
#35 /var/www/html/prasun/wbcoopcsp/vendor/laravel/framework/src/Illuminate/Pipeline/Pipeline.php(171): Illuminate\\Foundation\\Http\\Middleware\\ValidatePostSize->handle(Object(Illuminate\\Http\\Request), Object(Closure))
#36 /var/www/html/prasun/wbcoopcsp/vendor/laravel/framework/src/Illuminate/Foundation/Http/Middleware/CheckForMaintenanceMode.php(62): Illuminate\\Pipeline\\Pipeline->Illuminate\\Pipeline\\{closure}(Object(Illuminate\\Http\\Request))
#37 /var/www/html/prasun/wbcoopcsp/vendor/laravel/framework/src/Illuminate/Pipeline/Pipeline.php(171): Illuminate\\Foundation\\Http\\Middleware\\CheckForMaintenanceMode->handle(Object(Illuminate\\Http\\Request), Object(Closure))
#38 /var/www/html/prasun/wbcoopcsp/vendor/laravel/framework/src/Illuminate/Pipeline/Pipeline.php(105): Illuminate\\Pipeline\\Pipeline->Illuminate\\Pipeline\\{closure}(Object(Illuminate\\Http\\Request))
#39 /var/www/html/prasun/wbcoopcsp/vendor/laravel/framework/src/Illuminate/Foundation/Http/Kernel.php(151): Illuminate\\Pipeline\\Pipeline->then(Object(Closure))
#40 /var/www/html/prasun/wbcoopcsp/vendor/laravel/framework/src/Illuminate/Foundation/Http/Kernel.php(116): Illuminate\\Foundation\\Http\\Kernel->sendRequestThroughRouter(Object(Illuminate\\Http\\Request))
#41 /var/www/html/prasun/wbcoopcsp/public/index.php(55): Illuminate\\Foundation\\Http\\Kernel->handle(Object(Illuminate\\Http\\Request))
#42 /var/www/html/prasun/wbcoopcsp/server.php(21): require_once('/var/www/html/p...')
#43 {main}
"} 
[2023-02-23 12:27:37] local.ERROR: Class 'Composer\InstalledVersions' not found {"exception":"[object] (Symfony\\Component\\Debug\\Exception\\FatalThrowableError(code: 0): Class 'Composer\\InstalledVersions' not found at /var/www/html/prasun/wbcoopcsp/vendor/maatwebsite/excel/src/Cache/CacheManager.php:43)
[stacktrace]
#0 /var/www/html/prasun/wbcoopcsp/vendor/laravel/framework/src/Illuminate/Support/Manager.php(115): Maatwebsite\\Excel\\Cache\\CacheManager->createMemoryDriver()
#1 /var/www/html/prasun/wbcoopcsp/vendor/laravel/framework/src/Illuminate/Support/Manager.php(90): Illuminate\\Support\\Manager->createDriver('memory')
#2 /var/www/html/prasun/wbcoopcsp/vendor/maatwebsite/excel/src/SettingsProvider.php(31): Illuminate\\Support\\Manager->driver()
#3 /var/www/html/prasun/wbcoopcsp/vendor/maatwebsite/excel/src/SettingsProvider.php(25): Maatwebsite\\Excel\\SettingsProvider->configureCellCaching()
#4 /var/www/html/prasun/wbcoopcsp/vendor/maatwebsite/excel/src/ExcelServiceProvider.php(47): Maatwebsite\\Excel\\SettingsProvider->provide()
#5 /var/www/html/prasun/wbcoopcsp/vendor/laravel/framework/src/Illuminate/Foundation/Application.php(867): Maatwebsite\\Excel\\ExcelServiceProvider->Maatwebsite\\Excel\\{closure}(Object(Illuminate\\Foundation\\Application))
#6 /var/www/html/prasun/wbcoopcsp/vendor/laravel/framework/src/Illuminate/Foundation/Application.php(816): Illuminate\\Foundation\\Application->fireAppCallbacks(Array)
#7 /var/www/html/prasun/wbcoopcsp/vendor/laravel/framework/src/Illuminate/Foundation/Bootstrap/BootProviders.php(17): Illuminate\\Foundation\\Application->boot()
#8 /var/www/html/prasun/wbcoopcsp/vendor/laravel/framework/src/Illuminate/Foundation/Application.php(211): Illuminate\\Foundation\\Bootstrap\\BootProviders->bootstrap(Object(Illuminate\\Foundation\\Application))
#9 /var/www/html/prasun/wbcoopcsp/vendor/laravel/framework/src/Illuminate/Foundation/Console/Kernel.php(320): Illuminate\\Foundation\\Application->bootstrapWith(Array)
#10 /var/www/html/prasun/wbcoopcsp/vendor/laravel/framework/src/Illuminate/Foundation/Console/Kernel.php(129): Illuminate\\Foundation\\Console\\Kernel->bootstrap()
#11 /var/www/html/prasun/wbcoopcsp/artisan(37): Illuminate\\Foundation\\Console\\Kernel->handle(Object(Symfony\\Component\\Console\\Input\\ArgvInput), Object(Symfony\\Component\\Console\\Output\\ConsoleOutput))
#12 {main}
"} 
[2023-02-23 12:31:14] local.ERROR: Class 'Composer\InstalledVersions' not found {"exception":"[object] (Symfony\\Component\\Debug\\Exception\\FatalThrowableError(code: 0): Class 'Composer\\InstalledVersions' not found at /var/www/html/prasun/wbcoopcsp/vendor/maatwebsite/excel/src/Cache/CacheManager.php:43)
[stacktrace]
#0 /var/www/html/prasun/wbcoopcsp/vendor/laravel/framework/src/Illuminate/Support/Manager.php(115): Maatwebsite\\Excel\\Cache\\CacheManager->createMemoryDriver()
#1 /var/www/html/prasun/wbcoopcsp/vendor/laravel/framework/src/Illuminate/Support/Manager.php(90): Illuminate\\Support\\Manager->createDriver('memory')
#2 /var/www/html/prasun/wbcoopcsp/vendor/maatwebsite/excel/src/SettingsProvider.php(31): Illuminate\\Support\\Manager->driver()
#3 /var/www/html/prasun/wbcoopcsp/vendor/maatwebsite/excel/src/SettingsProvider.php(25): Maatwebsite\\Excel\\SettingsProvider->configureCellCaching()
#4 /var/www/html/prasun/wbcoopcsp/vendor/maatwebsite/excel/src/ExcelServiceProvider.php(47): Maatwebsite\\Excel\\SettingsProvider->provide()
#5 /var/www/html/prasun/wbcoopcsp/vendor/laravel/framework/src/Illuminate/Foundation/Application.php(867): Maatwebsite\\Excel\\ExcelServiceProvider->Maatwebsite\\Excel\\{closure}(Object(Illuminate\\Foundation\\Application))
#6 /var/www/html/prasun/wbcoopcsp/vendor/laravel/framework/src/Illuminate/Foundation/Application.php(816): Illuminate\\Foundation\\Application->fireAppCallbacks(Array)
#7 /var/www/html/prasun/wbcoopcsp/vendor/laravel/framework/src/Illuminate/Foundation/Bootstrap/BootProviders.php(17): Illuminate\\Foundation\\Application->boot()
#8 /var/www/html/prasun/wbcoopcsp/vendor/laravel/framework/src/Illuminate/Foundation/Application.php(211): Illuminate\\Foundation\\Bootstrap\\BootProviders->bootstrap(Object(Illuminate\\Foundation\\Application))
#9 /var/www/html/prasun/wbcoopcsp/vendor/laravel/framework/src/Illuminate/Foundation/Console/Kernel.php(320): Illuminate\\Foundation\\Application->bootstrapWith(Array)
#10 /var/www/html/prasun/wbcoopcsp/vendor/laravel/framework/src/Illuminate/Foundation/Console/Kernel.php(129): Illuminate\\Foundation\\Console\\Kernel->bootstrap()
#11 /var/www/html/prasun/wbcoopcsp/artisan(37): Illuminate\\Foundation\\Console\\Kernel->handle(Object(Symfony\\Component\\Console\\Input\\ArgvInput), Object(Symfony\\Component\\Console\\Output\\ConsoleOutput))
#12 {main}
"} 
[2023-02-23 12:46:06] local.ERROR: Class 'Composer\InstalledVersions' not found {"exception":"[object] (Symfony\\Component\\Debug\\Exception\\FatalThrowableError(code: 0): Class 'Composer\\InstalledVersions' not found at /var/www/html/prasun/wbcoopcsp/vendor/maatwebsite/excel/src/Cache/CacheManager.php:43)
[stacktrace]
#0 /var/www/html/prasun/wbcoopcsp/vendor/laravel/framework/src/Illuminate/Support/Manager.php(115): Maatwebsite\\Excel\\Cache\\CacheManager->createMemoryDriver()
#1 /var/www/html/prasun/wbcoopcsp/vendor/laravel/framework/src/Illuminate/Support/Manager.php(90): Illuminate\\Support\\Manager->createDriver('memory')
#2 /var/www/html/prasun/wbcoopcsp/vendor/maatwebsite/excel/src/SettingsProvider.php(31): Illuminate\\Support\\Manager->driver()
#3 /var/www/html/prasun/wbcoopcsp/vendor/maatwebsite/excel/src/SettingsProvider.php(25): Maatwebsite\\Excel\\SettingsProvider->configureCellCaching()
#4 /var/www/html/prasun/wbcoopcsp/vendor/maatwebsite/excel/src/ExcelServiceProvider.php(47): Maatwebsite\\Excel\\SettingsProvider->provide()
#5 /var/www/html/prasun/wbcoopcsp/vendor/laravel/framework/src/Illuminate/Foundation/Application.php(867): Maatwebsite\\Excel\\ExcelServiceProvider->Maatwebsite\\Excel\\{closure}(Object(Illuminate\\Foundation\\Application))
#6 /var/www/html/prasun/wbcoopcsp/vendor/laravel/framework/src/Illuminate/Foundation/Application.php(816): Illuminate\\Foundation\\Application->fireAppCallbacks(Array)
#7 /var/www/html/prasun/wbcoopcsp/vendor/laravel/framework/src/Illuminate/Foundation/Bootstrap/BootProviders.php(17): Illuminate\\Foundation\\Application->boot()
#8 /var/www/html/prasun/wbcoopcsp/vendor/laravel/framework/src/Illuminate/Foundation/Application.php(211): Illuminate\\Foundation\\Bootstrap\\BootProviders->bootstrap(Object(Illuminate\\Foundation\\Application))
#9 /var/www/html/prasun/wbcoopcsp/vendor/laravel/framework/src/Illuminate/Foundation/Console/Kernel.php(320): Illuminate\\Foundation\\Application->bootstrapWith(Array)
#10 /var/www/html/prasun/wbcoopcsp/vendor/laravel/framework/src/Illuminate/Foundation/Console/Kernel.php(129): Illuminate\\Foundation\\Console\\Kernel->bootstrap()
#11 /var/www/html/prasun/wbcoopcsp/artisan(37): Illuminate\\Foundation\\Console\\Kernel->handle(Object(Symfony\\Component\\Console\\Input\\ArgvInput), Object(Symfony\\Component\\Console\\Output\\ConsoleOutput))
#12 {main}
"} 
[2023-02-23 12:53:07] local.ERROR: Class 'Composer\InstalledVersions' not found {"exception":"[object] (Symfony\\Component\\Debug\\Exception\\FatalThrowableError(code: 0): Class 'Composer\\InstalledVersions' not found at /var/www/html/prasun/wbcoopcsp/vendor/maatwebsite/excel/src/Cache/CacheManager.php:43)
[stacktrace]
#0 /var/www/html/prasun/wbcoopcsp/vendor/laravel/framework/src/Illuminate/Support/Manager.php(115): Maatwebsite\\Excel\\Cache\\CacheManager->createMemoryDriver()
#1 /var/www/html/prasun/wbcoopcsp/vendor/laravel/framework/src/Illuminate/Support/Manager.php(90): Illuminate\\Support\\Manager->createDriver('memory')
#2 /var/www/html/prasun/wbcoopcsp/vendor/maatwebsite/excel/src/SettingsProvider.php(31): Illuminate\\Support\\Manager->driver()
#3 /var/www/html/prasun/wbcoopcsp/vendor/maatwebsite/excel/src/SettingsProvider.php(25): Maatwebsite\\Excel\\SettingsProvider->configureCellCaching()
#4 /var/www/html/prasun/wbcoopcsp/vendor/maatwebsite/excel/src/ExcelServiceProvider.php(47): Maatwebsite\\Excel\\SettingsProvider->provide()
#5 /var/www/html/prasun/wbcoopcsp/vendor/laravel/framework/src/Illuminate/Foundation/Application.php(867): Maatwebsite\\Excel\\ExcelServiceProvider->Maatwebsite\\Excel\\{closure}(Object(Illuminate\\Foundation\\Application))
#6 /var/www/html/prasun/wbcoopcsp/vendor/laravel/framework/src/Illuminate/Foundation/Application.php(816): Illuminate\\Foundation\\Application->fireAppCallbacks(Array)
#7 /var/www/html/prasun/wbcoopcsp/vendor/laravel/framework/src/Illuminate/Foundation/Bootstrap/BootProviders.php(17): Illuminate\\Foundation\\Application->boot()
#8 /var/www/html/prasun/wbcoopcsp/vendor/laravel/framework/src/Illuminate/Foundation/Application.php(211): Illuminate\\Foundation\\Bootstrap\\BootProviders->bootstrap(Object(Illuminate\\Foundation\\Application))
#9 /var/www/html/prasun/wbcoopcsp/vendor/laravel/framework/src/Illuminate/Foundation/Console/Kernel.php(320): Illuminate\\Foundation\\Application->bootstrapWith(Array)
#10 /var/www/html/prasun/wbcoopcsp/vendor/laravel/framework/src/Illuminate/Foundation/Console/Kernel.php(129): Illuminate\\Foundation\\Console\\Kernel->bootstrap()
#11 /var/www/html/prasun/wbcoopcsp/artisan(37): Illuminate\\Foundation\\Console\\Kernel->handle(Object(Symfony\\Component\\Console\\Input\\ArgvInput), Object(Symfony\\Component\\Console\\Output\\ConsoleOutput))
#12 {main}
"} 
[2023-02-23 12:59:49] local.ERROR: Class 'Composer\InstalledVersions' not found {"exception":"[object] (Symfony\\Component\\Debug\\Exception\\FatalThrowableError(code: 0): Class 'Composer\\InstalledVersions' not found at /var/www/html/prasun/wbcoopcsp/vendor/maatwebsite/excel/src/Cache/CacheManager.php:43)
[stacktrace]
#0 /var/www/html/prasun/wbcoopcsp/vendor/laravel/framework/src/Illuminate/Support/Manager.php(115): Maatwebsite\\Excel\\Cache\\CacheManager->createMemoryDriver()
#1 /var/www/html/prasun/wbcoopcsp/vendor/laravel/framework/src/Illuminate/Support/Manager.php(90): Illuminate\\Support\\Manager->createDriver('memory')
#2 /var/www/html/prasun/wbcoopcsp/vendor/maatwebsite/excel/src/SettingsProvider.php(31): Illuminate\\Support\\Manager->driver()
#3 /var/www/html/prasun/wbcoopcsp/vendor/maatwebsite/excel/src/SettingsProvider.php(25): Maatwebsite\\Excel\\SettingsProvider->configureCellCaching()
#4 /var/www/html/prasun/wbcoopcsp/vendor/maatwebsite/excel/src/ExcelServiceProvider.php(47): Maatwebsite\\Excel\\SettingsProvider->provide()
#5 /var/www/html/prasun/wbcoopcsp/vendor/laravel/framework/src/Illuminate/Foundation/Application.php(867): Maatwebsite\\Excel\\ExcelServiceProvider->Maatwebsite\\Excel\\{closure}(Object(Illuminate\\Foundation\\Application))
#6 /var/www/html/prasun/wbcoopcsp/vendor/laravel/framework/src/Illuminate/Foundation/Application.php(816): Illuminate\\Foundation\\Application->fireAppCallbacks(Array)
#7 /var/www/html/prasun/wbcoopcsp/vendor/laravel/framework/src/Illuminate/Foundation/Bootstrap/BootProviders.php(17): Illuminate\\Foundation\\Application->boot()
#8 /var/www/html/prasun/wbcoopcsp/vendor/laravel/framework/src/Illuminate/Foundation/Application.php(211): Illuminate\\Foundation\\Bootstrap\\BootProviders->bootstrap(Object(Illuminate\\Foundation\\Application))
#9 /var/www/html/prasun/wbcoopcsp/vendor/laravel/framework/src/Illuminate/Foundation/Console/Kernel.php(320): Illuminate\\Foundation\\Application->bootstrapWith(Array)
#10 /var/www/html/prasun/wbcoopcsp/vendor/laravel/framework/src/Illuminate/Foundation/Console/Kernel.php(129): Illuminate\\Foundation\\Console\\Kernel->bootstrap()
#11 /var/www/html/prasun/wbcoopcsp/artisan(37): Illuminate\\Foundation\\Console\\Kernel->handle(Object(Symfony\\Component\\Console\\Input\\ArgvInput), Object(Symfony\\Component\\Console\\Output\\ConsoleOutput))
#12 {main}
"} 
[2023-02-23 13:17:41] local.ERROR: Class 'Maatwebsite\Excel\Facades\Excel' not found {"exception":"[object] (Symfony\\Component\\Debug\\Exception\\FatalThrowableError(code: 0): Class 'Maatwebsite\\Excel\\Facades\\Excel' not found at /var/www/html/prasun/wbcoopcsp/app/Http/Controllers/admin/AccountController.php:361)
[stacktrace]
#0 [internal function]: App\\Http\\Controllers\\admin\\AccountController->exportUser()
#1 /var/www/html/prasun/wbcoopcsp/vendor/laravel/framework/src/Illuminate/Routing/Controller.php(54): call_user_func_array(Array, Array)
#2 /var/www/html/prasun/wbcoopcsp/vendor/laravel/framework/src/Illuminate/Routing/ControllerDispatcher.php(45): Illuminate\\Routing\\Controller->callAction('exportUser', Array)
#3 /var/www/html/prasun/wbcoopcsp/vendor/laravel/framework/src/Illuminate/Routing/Route.php(219): Illuminate\\Routing\\ControllerDispatcher->dispatch(Object(Illuminate\\Routing\\Route), Object(App\\Http\\Controllers\\admin\\AccountController), 'exportUser')
#4 /var/www/html/prasun/wbcoopcsp/vendor/laravel/framework/src/Illuminate/Routing/Route.php(176): Illuminate\\Routing\\Route->runController()
#5 /var/www/html/prasun/wbcoopcsp/vendor/laravel/framework/src/Illuminate/Routing/Router.php(680): Illuminate\\Routing\\Route->run()
#6 /var/www/html/prasun/wbcoopcsp/vendor/laravel/framework/src/Illuminate/Pipeline/Pipeline.php(130): Illuminate\\Routing\\Router->Illuminate\\Routing\\{closure}(Object(Illuminate\\Http\\Request))
#7 /var/www/html/prasun/wbcoopcsp/app/Http/Middleware/AdminMiddleware.php(49): Illuminate\\Pipeline\\Pipeline->Illuminate\\Pipeline\\{closure}(Object(Illuminate\\Http\\Request))
#8 /var/www/html/prasun/wbcoopcsp/vendor/laravel/framework/src/Illuminate/Pipeline/Pipeline.php(171): App\\Http\\Middleware\\AdminMiddleware->handle(Object(Illuminate\\Http\\Request), Object(Closure))
#9 /var/www/html/prasun/wbcoopcsp/vendor/laravel/framework/src/Illuminate/Routing/Middleware/SubstituteBindings.php(41): Illuminate\\Pipeline\\Pipeline->Illuminate\\Pipeline\\{closure}(Object(Illuminate\\Http\\Request))
#10 /var/www/html/prasun/wbcoopcsp/vendor/laravel/framework/src/Illuminate/Pipeline/Pipeline.php(171): Illuminate\\Routing\\Middleware\\SubstituteBindings->handle(Object(Illuminate\\Http\\Request), Object(Closure))
#11 /var/www/html/prasun/wbcoopcsp/vendor/laravel/framework/src/Illuminate/Foundation/Http/Middleware/VerifyCsrfToken.php(76): Illuminate\\Pipeline\\Pipeline->Illuminate\\Pipeline\\{closure}(Object(Illuminate\\Http\\Request))
#12 /var/www/html/prasun/wbcoopcsp/vendor/laravel/framework/src/Illuminate/Pipeline/Pipeline.php(171): Illuminate\\Foundation\\Http\\Middleware\\VerifyCsrfToken->handle(Object(Illuminate\\Http\\Request), Object(Closure))
#13 /var/www/html/prasun/wbcoopcsp/vendor/laravel/framework/src/Illuminate/View/Middleware/ShareErrorsFromSession.php(49): Illuminate\\Pipeline\\Pipeline->Illuminate\\Pipeline\\{closure}(Object(Illuminate\\Http\\Request))
#14 /var/www/html/prasun/wbcoopcsp/vendor/laravel/framework/src/Illuminate/Pipeline/Pipeline.php(171): Illuminate\\View\\Middleware\\ShareErrorsFromSession->handle(Object(Illuminate\\Http\\Request), Object(Closure))
#15 /var/www/html/prasun/wbcoopcsp/vendor/laravel/framework/src/Illuminate/Session/Middleware/StartSession.php(56): Illuminate\\Pipeline\\Pipeline->Illuminate\\Pipeline\\{closure}(Object(Illuminate\\Http\\Request))
#16 /var/www/html/prasun/wbcoopcsp/vendor/laravel/framework/src/Illuminate/Pipeline/Pipeline.php(171): Illuminate\\Session\\Middleware\\StartSession->handle(Object(Illuminate\\Http\\Request), Object(Closure))
#17 /var/www/html/prasun/wbcoopcsp/vendor/laravel/framework/src/Illuminate/Cookie/Middleware/AddQueuedCookiesToResponse.php(37): Illuminate\\Pipeline\\Pipeline->Illuminate\\Pipeline\\{closure}(Object(Illuminate\\Http\\Request))
#18 /var/www/html/prasun/wbcoopcsp/vendor/laravel/framework/src/Illuminate/Pipeline/Pipeline.php(171): Illuminate\\Cookie\\Middleware\\AddQueuedCookiesToResponse->handle(Object(Illuminate\\Http\\Request), Object(Closure))
#19 /var/www/html/prasun/wbcoopcsp/vendor/laravel/framework/src/Illuminate/Cookie/Middleware/EncryptCookies.php(66): Illuminate\\Pipeline\\Pipeline->Illuminate\\Pipeline\\{closure}(Object(Illuminate\\Http\\Request))
#20 /var/www/html/prasun/wbcoopcsp/vendor/laravel/framework/src/Illuminate/Pipeline/Pipeline.php(171): Illuminate\\Cookie\\Middleware\\EncryptCookies->handle(Object(Illuminate\\Http\\Request), Object(Closure))
#21 /var/www/html/prasun/wbcoopcsp/vendor/laravel/framework/src/Illuminate/Pipeline/Pipeline.php(105): Illuminate\\Pipeline\\Pipeline->Illuminate\\Pipeline\\{closure}(Object(Illuminate\\Http\\Request))
#22 /var/www/html/prasun/wbcoopcsp/vendor/laravel/framework/src/Illuminate/Routing/Router.php(682): Illuminate\\Pipeline\\Pipeline->then(Object(Closure))
#23 /var/www/html/prasun/wbcoopcsp/vendor/laravel/framework/src/Illuminate/Routing/Router.php(657): Illuminate\\Routing\\Router->runRouteWithinStack(Object(Illuminate\\Routing\\Route), Object(Illuminate\\Http\\Request))
#24 /var/www/html/prasun/wbcoopcsp/vendor/laravel/framework/src/Illuminate/Routing/Router.php(623): Illuminate\\Routing\\Router->runRoute(Object(Illuminate\\Http\\Request), Object(Illuminate\\Routing\\Route))
#25 /var/www/html/prasun/wbcoopcsp/vendor/laravel/framework/src/Illuminate/Routing/Router.php(612): Illuminate\\Routing\\Router->dispatchToRoute(Object(Illuminate\\Http\\Request))
#26 /var/www/html/prasun/wbcoopcsp/vendor/laravel/framework/src/Illuminate/Foundation/Http/Kernel.php(176): Illuminate\\Routing\\Router->dispatch(Object(Illuminate\\Http\\Request))
#27 /var/www/html/prasun/wbcoopcsp/vendor/laravel/framework/src/Illuminate/Pipeline/Pipeline.php(130): Illuminate\\Foundation\\Http\\Kernel->Illuminate\\Foundation\\Http\\{closure}(Object(Illuminate\\Http\\Request))
#28 /var/www/html/prasun/wbcoopcsp/vendor/fideloper/proxy/src/TrustProxies.php(57): Illuminate\\Pipeline\\Pipeline->Illuminate\\Pipeline\\{closure}(Object(Illuminate\\Http\\Request))
#29 /var/www/html/prasun/wbcoopcsp/vendor/laravel/framework/src/Illuminate/Pipeline/Pipeline.php(171): Fideloper\\Proxy\\TrustProxies->handle(Object(Illuminate\\Http\\Request), Object(Closure))
#30 /var/www/html/prasun/wbcoopcsp/vendor/laravel/framework/src/Illuminate/Foundation/Http/Middleware/TransformsRequest.php(21): Illuminate\\Pipeline\\Pipeline->Illuminate\\Pipeline\\{closure}(Object(Illuminate\\Http\\Request))
#31 /var/www/html/prasun/wbcoopcsp/vendor/laravel/framework/src/Illuminate/Pipeline/Pipeline.php(171): Illuminate\\Foundation\\Http\\Middleware\\TransformsRequest->handle(Object(Illuminate\\Http\\Request), Object(Closure))
#32 /var/www/html/prasun/wbcoopcsp/vendor/laravel/framework/src/Illuminate/Foundation/Http/Middleware/TransformsRequest.php(21): Illuminate\\Pipeline\\Pipeline->Illuminate\\Pipeline\\{closure}(Object(Illuminate\\Http\\Request))
#33 /var/www/html/prasun/wbcoopcsp/vendor/laravel/framework/src/Illuminate/Pipeline/Pipeline.php(171): Illuminate\\Foundation\\Http\\Middleware\\TransformsRequest->handle(Object(Illuminate\\Http\\Request), Object(Closure))
#34 /var/www/html/prasun/wbcoopcsp/vendor/laravel/framework/src/Illuminate/Foundation/Http/Middleware/ValidatePostSize.php(27): Illuminate\\Pipeline\\Pipeline->Illuminate\\Pipeline\\{closure}(Object(Illuminate\\Http\\Request))
#35 /var/www/html/prasun/wbcoopcsp/vendor/laravel/framework/src/Illuminate/Pipeline/Pipeline.php(171): Illuminate\\Foundation\\Http\\Middleware\\ValidatePostSize->handle(Object(Illuminate\\Http\\Request), Object(Closure))
#36 /var/www/html/prasun/wbcoopcsp/vendor/laravel/framework/src/Illuminate/Foundation/Http/Middleware/CheckForMaintenanceMode.php(62): Illuminate\\Pipeline\\Pipeline->Illuminate\\Pipeline\\{closure}(Object(Illuminate\\Http\\Request))
#37 /var/www/html/prasun/wbcoopcsp/vendor/laravel/framework/src/Illuminate/Pipeline/Pipeline.php(171): Illuminate\\Foundation\\Http\\Middleware\\CheckForMaintenanceMode->handle(Object(Illuminate\\Http\\Request), Object(Closure))
#38 /var/www/html/prasun/wbcoopcsp/vendor/laravel/framework/src/Illuminate/Pipeline/Pipeline.php(105): Illuminate\\Pipeline\\Pipeline->Illuminate\\Pipeline\\{closure}(Object(Illuminate\\Http\\Request))
#39 /var/www/html/prasun/wbcoopcsp/vendor/laravel/framework/src/Illuminate/Foundation/Http/Kernel.php(151): Illuminate\\Pipeline\\Pipeline->then(Object(Closure))
#40 /var/www/html/prasun/wbcoopcsp/vendor/laravel/framework/src/Illuminate/Foundation/Http/Kernel.php(116): Illuminate\\Foundation\\Http\\Kernel->sendRequestThroughRouter(Object(Illuminate\\Http\\Request))
#41 /var/www/html/prasun/wbcoopcsp/public/index.php(55): Illuminate\\Foundation\\Http\\Kernel->handle(Object(Illuminate\\Http\\Request))
#42 /var/www/html/prasun/wbcoopcsp/server.php(21): require_once('/var/www/html/p...')
#43 {main}
"} 
[2023-02-23 13:24:15] local.ERROR: Class 'Composer\InstalledVersions' not found {"exception":"[object] (Symfony\\Component\\Debug\\Exception\\FatalThrowableError(code: 0): Class 'Composer\\InstalledVersions' not found at /var/www/html/prasun/wbcoopcsp/vendor/maatwebsite/excel/src/Cache/CacheManager.php:43)
[stacktrace]
#0 /var/www/html/prasun/wbcoopcsp/vendor/laravel/framework/src/Illuminate/Support/Manager.php(115): Maatwebsite\\Excel\\Cache\\CacheManager->createMemoryDriver()
#1 /var/www/html/prasun/wbcoopcsp/vendor/laravel/framework/src/Illuminate/Support/Manager.php(90): Illuminate\\Support\\Manager->createDriver()
#2 /var/www/html/prasun/wbcoopcsp/vendor/maatwebsite/excel/src/SettingsProvider.php(31): Illuminate\\Support\\Manager->driver()
#3 /var/www/html/prasun/wbcoopcsp/vendor/maatwebsite/excel/src/SettingsProvider.php(25): Maatwebsite\\Excel\\SettingsProvider->configureCellCaching()
#4 /var/www/html/prasun/wbcoopcsp/vendor/maatwebsite/excel/src/ExcelServiceProvider.php(47): Maatwebsite\\Excel\\SettingsProvider->provide()
#5 /var/www/html/prasun/wbcoopcsp/vendor/laravel/framework/src/Illuminate/Foundation/Application.php(867): Maatwebsite\\Excel\\ExcelServiceProvider->Maatwebsite\\Excel\\{closure}()
#6 /var/www/html/prasun/wbcoopcsp/vendor/laravel/framework/src/Illuminate/Foundation/Application.php(816): Illuminate\\Foundation\\Application->fireAppCallbacks()
#7 /var/www/html/prasun/wbcoopcsp/vendor/laravel/framework/src/Illuminate/Foundation/Bootstrap/BootProviders.php(17): Illuminate\\Foundation\\Application->boot()
#8 /var/www/html/prasun/wbcoopcsp/vendor/laravel/framework/src/Illuminate/Foundation/Application.php(211): Illuminate\\Foundation\\Bootstrap\\BootProviders->bootstrap()
#9 /var/www/html/prasun/wbcoopcsp/vendor/laravel/framework/src/Illuminate/Foundation/Console/Kernel.php(320): Illuminate\\Foundation\\Application->bootstrapWith()
#10 /var/www/html/prasun/wbcoopcsp/vendor/laravel/framework/src/Illuminate/Foundation/Console/Kernel.php(129): Illuminate\\Foundation\\Console\\Kernel->bootstrap()
#11 /var/www/html/prasun/wbcoopcsp/artisan(37): Illuminate\\Foundation\\Console\\Kernel->handle()
#12 {main}
"} 
[2023-02-23 13:27:13] local.ERROR: Class 'Composer\InstalledVersions' not found {"exception":"[object] (Symfony\\Component\\Debug\\Exception\\FatalThrowableError(code: 0): Class 'Composer\\InstalledVersions' not found at /var/www/html/prasun/wbcoopcsp/vendor/maatwebsite/excel/src/Cache/CacheManager.php:43)
[stacktrace]
#0 /var/www/html/prasun/wbcoopcsp/vendor/laravel/framework/src/Illuminate/Support/Manager.php(115): Maatwebsite\\Excel\\Cache\\CacheManager->createMemoryDriver()
#1 /var/www/html/prasun/wbcoopcsp/vendor/laravel/framework/src/Illuminate/Support/Manager.php(90): Illuminate\\Support\\Manager->createDriver()
#2 /var/www/html/prasun/wbcoopcsp/vendor/maatwebsite/excel/src/SettingsProvider.php(31): Illuminate\\Support\\Manager->driver()
#3 /var/www/html/prasun/wbcoopcsp/vendor/maatwebsite/excel/src/SettingsProvider.php(25): Maatwebsite\\Excel\\SettingsProvider->configureCellCaching()
#4 /var/www/html/prasun/wbcoopcsp/vendor/maatwebsite/excel/src/ExcelServiceProvider.php(47): Maatwebsite\\Excel\\SettingsProvider->provide()
#5 /var/www/html/prasun/wbcoopcsp/vendor/laravel/framework/src/Illuminate/Foundation/Application.php(867): Maatwebsite\\Excel\\ExcelServiceProvider->Maatwebsite\\Excel\\{closure}()
#6 /var/www/html/prasun/wbcoopcsp/vendor/laravel/framework/src/Illuminate/Foundation/Application.php(816): Illuminate\\Foundation\\Application->fireAppCallbacks()
#7 /var/www/html/prasun/wbcoopcsp/vendor/laravel/framework/src/Illuminate/Foundation/Bootstrap/BootProviders.php(17): Illuminate\\Foundation\\Application->boot()
#8 /var/www/html/prasun/wbcoopcsp/vendor/laravel/framework/src/Illuminate/Foundation/Application.php(211): Illuminate\\Foundation\\Bootstrap\\BootProviders->bootstrap()
#9 /var/www/html/prasun/wbcoopcsp/vendor/laravel/framework/src/Illuminate/Foundation/Console/Kernel.php(320): Illuminate\\Foundation\\Application->bootstrapWith()
#10 /var/www/html/prasun/wbcoopcsp/vendor/laravel/framework/src/Illuminate/Foundation/Console/Kernel.php(129): Illuminate\\Foundation\\Console\\Kernel->bootstrap()
#11 /var/www/html/prasun/wbcoopcsp/artisan(37): Illuminate\\Foundation\\Console\\Kernel->handle()
#12 {main}
"} 
[2023-02-23 13:27:35] local.ERROR: Class 'Composer\InstalledVersions' not found {"exception":"[object] (Symfony\\Component\\Debug\\Exception\\FatalThrowableError(code: 0): Class 'Composer\\InstalledVersions' not found at /var/www/html/prasun/wbcoopcsp/vendor/maatwebsite/excel/src/Cache/CacheManager.php:43)
[stacktrace]
#0 /var/www/html/prasun/wbcoopcsp/vendor/laravel/framework/src/Illuminate/Support/Manager.php(115): Maatwebsite\\Excel\\Cache\\CacheManager->createMemoryDriver()
#1 /var/www/html/prasun/wbcoopcsp/vendor/laravel/framework/src/Illuminate/Support/Manager.php(90): Illuminate\\Support\\Manager->createDriver()
#2 /var/www/html/prasun/wbcoopcsp/vendor/maatwebsite/excel/src/SettingsProvider.php(31): Illuminate\\Support\\Manager->driver()
#3 /var/www/html/prasun/wbcoopcsp/vendor/maatwebsite/excel/src/SettingsProvider.php(25): Maatwebsite\\Excel\\SettingsProvider->configureCellCaching()
#4 /var/www/html/prasun/wbcoopcsp/vendor/maatwebsite/excel/src/ExcelServiceProvider.php(47): Maatwebsite\\Excel\\SettingsProvider->provide()
#5 /var/www/html/prasun/wbcoopcsp/vendor/laravel/framework/src/Illuminate/Foundation/Application.php(867): Maatwebsite\\Excel\\ExcelServiceProvider->Maatwebsite\\Excel\\{closure}()
#6 /var/www/html/prasun/wbcoopcsp/vendor/laravel/framework/src/Illuminate/Foundation/Application.php(816): Illuminate\\Foundation\\Application->fireAppCallbacks()
#7 /var/www/html/prasun/wbcoopcsp/vendor/laravel/framework/src/Illuminate/Foundation/Bootstrap/BootProviders.php(17): Illuminate\\Foundation\\Application->boot()
#8 /var/www/html/prasun/wbcoopcsp/vendor/laravel/framework/src/Illuminate/Foundation/Application.php(211): Illuminate\\Foundation\\Bootstrap\\BootProviders->bootstrap()
#9 /var/www/html/prasun/wbcoopcsp/vendor/laravel/framework/src/Illuminate/Foundation/Console/Kernel.php(320): Illuminate\\Foundation\\Application->bootstrapWith()
#10 /var/www/html/prasun/wbcoopcsp/vendor/laravel/framework/src/Illuminate/Foundation/Console/Kernel.php(129): Illuminate\\Foundation\\Console\\Kernel->bootstrap()
#11 /var/www/html/prasun/wbcoopcsp/artisan(37): Illuminate\\Foundation\\Console\\Kernel->handle()
#12 {main}
"} 
[2023-02-23 13:28:03] local.ERROR: Class 'Composer\InstalledVersions' not found {"exception":"[object] (Symfony\\Component\\Debug\\Exception\\FatalThrowableError(code: 0): Class 'Composer\\InstalledVersions' not found at /var/www/html/prasun/wbcoopcsp/vendor/maatwebsite/excel/src/Cache/CacheManager.php:43)
[stacktrace]
#0 /var/www/html/prasun/wbcoopcsp/vendor/laravel/framework/src/Illuminate/Support/Manager.php(115): Maatwebsite\\Excel\\Cache\\CacheManager->createMemoryDriver()
#1 /var/www/html/prasun/wbcoopcsp/vendor/laravel/framework/src/Illuminate/Support/Manager.php(90): Illuminate\\Support\\Manager->createDriver()
#2 /var/www/html/prasun/wbcoopcsp/vendor/maatwebsite/excel/src/SettingsProvider.php(31): Illuminate\\Support\\Manager->driver()
#3 /var/www/html/prasun/wbcoopcsp/vendor/maatwebsite/excel/src/SettingsProvider.php(25): Maatwebsite\\Excel\\SettingsProvider->configureCellCaching()
#4 /var/www/html/prasun/wbcoopcsp/vendor/maatwebsite/excel/src/ExcelServiceProvider.php(47): Maatwebsite\\Excel\\SettingsProvider->provide()
#5 /var/www/html/prasun/wbcoopcsp/vendor/laravel/framework/src/Illuminate/Foundation/Application.php(867): Maatwebsite\\Excel\\ExcelServiceProvider->Maatwebsite\\Excel\\{closure}()
#6 /var/www/html/prasun/wbcoopcsp/vendor/laravel/framework/src/Illuminate/Foundation/Application.php(816): Illuminate\\Foundation\\Application->fireAppCallbacks()
#7 /var/www/html/prasun/wbcoopcsp/vendor/laravel/framework/src/Illuminate/Foundation/Bootstrap/BootProviders.php(17): Illuminate\\Foundation\\Application->boot()
#8 /var/www/html/prasun/wbcoopcsp/vendor/laravel/framework/src/Illuminate/Foundation/Application.php(211): Illuminate\\Foundation\\Bootstrap\\BootProviders->bootstrap()
#9 /var/www/html/prasun/wbcoopcsp/vendor/laravel/framework/src/Illuminate/Foundation/Console/Kernel.php(320): Illuminate\\Foundation\\Application->bootstrapWith()
#10 /var/www/html/prasun/wbcoopcsp/vendor/laravel/framework/src/Illuminate/Foundation/Console/Kernel.php(129): Illuminate\\Foundation\\Console\\Kernel->bootstrap()
#11 /var/www/html/prasun/wbcoopcsp/artisan(37): Illuminate\\Foundation\\Console\\Kernel->handle()
#12 {main}
"} 
[2023-02-23 14:23:38] local.ERROR: Class 'Composer\InstalledVersions' not found {"exception":"[object] (Symfony\\Component\\Debug\\Exception\\FatalThrowableError(code: 0): Class 'Composer\\InstalledVersions' not found at /var/www/html/prasun/wbcoopcsp/vendor/maatwebsite/excel/src/Cache/CacheManager.php:43)
[stacktrace]
#0 /var/www/html/prasun/wbcoopcsp/vendor/laravel/framework/src/Illuminate/Support/Manager.php(115): Maatwebsite\\Excel\\Cache\\CacheManager->createMemoryDriver()
#1 /var/www/html/prasun/wbcoopcsp/vendor/laravel/framework/src/Illuminate/Support/Manager.php(90): Illuminate\\Support\\Manager->createDriver()
#2 /var/www/html/prasun/wbcoopcsp/vendor/maatwebsite/excel/src/SettingsProvider.php(31): Illuminate\\Support\\Manager->driver()
#3 /var/www/html/prasun/wbcoopcsp/vendor/maatwebsite/excel/src/SettingsProvider.php(25): Maatwebsite\\Excel\\SettingsProvider->configureCellCaching()
#4 /var/www/html/prasun/wbcoopcsp/vendor/maatwebsite/excel/src/ExcelServiceProvider.php(47): Maatwebsite\\Excel\\SettingsProvider->provide()
#5 /var/www/html/prasun/wbcoopcsp/vendor/laravel/framework/src/Illuminate/Foundation/Application.php(867): Maatwebsite\\Excel\\ExcelServiceProvider->Maatwebsite\\Excel\\{closure}()
#6 /var/www/html/prasun/wbcoopcsp/vendor/laravel/framework/src/Illuminate/Foundation/Application.php(816): Illuminate\\Foundation\\Application->fireAppCallbacks()
#7 /var/www/html/prasun/wbcoopcsp/vendor/laravel/framework/src/Illuminate/Foundation/Bootstrap/BootProviders.php(17): Illuminate\\Foundation\\Application->boot()
#8 /var/www/html/prasun/wbcoopcsp/vendor/laravel/framework/src/Illuminate/Foundation/Application.php(211): Illuminate\\Foundation\\Bootstrap\\BootProviders->bootstrap()
#9 /var/www/html/prasun/wbcoopcsp/vendor/laravel/framework/src/Illuminate/Foundation/Console/Kernel.php(320): Illuminate\\Foundation\\Application->bootstrapWith()
#10 /var/www/html/prasun/wbcoopcsp/vendor/laravel/framework/src/Illuminate/Foundation/Console/Kernel.php(129): Illuminate\\Foundation\\Console\\Kernel->bootstrap()
#11 /var/www/html/prasun/wbcoopcsp/artisan(37): Illuminate\\Foundation\\Console\\Kernel->handle()
#12 {main}
"} 
[2023-02-23 14:24:05] local.ERROR: Class 'Composer\InstalledVersions' not found {"exception":"[object] (Symfony\\Component\\Debug\\Exception\\FatalThrowableError(code: 0): Class 'Composer\\InstalledVersions' not found at /var/www/html/prasun/wbcoopcsp/vendor/maatwebsite/excel/src/Cache/CacheManager.php:43)
[stacktrace]
#0 /var/www/html/prasun/wbcoopcsp/vendor/laravel/framework/src/Illuminate/Support/Manager.php(115): Maatwebsite\\Excel\\Cache\\CacheManager->createMemoryDriver()
#1 /var/www/html/prasun/wbcoopcsp/vendor/laravel/framework/src/Illuminate/Support/Manager.php(90): Illuminate\\Support\\Manager->createDriver('memory')
#2 /var/www/html/prasun/wbcoopcsp/vendor/maatwebsite/excel/src/SettingsProvider.php(31): Illuminate\\Support\\Manager->driver()
#3 /var/www/html/prasun/wbcoopcsp/vendor/maatwebsite/excel/src/SettingsProvider.php(25): Maatwebsite\\Excel\\SettingsProvider->configureCellCaching()
#4 /var/www/html/prasun/wbcoopcsp/vendor/maatwebsite/excel/src/ExcelServiceProvider.php(47): Maatwebsite\\Excel\\SettingsProvider->provide()
#5 /var/www/html/prasun/wbcoopcsp/vendor/laravel/framework/src/Illuminate/Foundation/Application.php(867): Maatwebsite\\Excel\\ExcelServiceProvider->Maatwebsite\\Excel\\{closure}(Object(Illuminate\\Foundation\\Application))
#6 /var/www/html/prasun/wbcoopcsp/vendor/laravel/framework/src/Illuminate/Foundation/Application.php(816): Illuminate\\Foundation\\Application->fireAppCallbacks(Array)
#7 /var/www/html/prasun/wbcoopcsp/vendor/laravel/framework/src/Illuminate/Foundation/Bootstrap/BootProviders.php(17): Illuminate\\Foundation\\Application->boot()
#8 /var/www/html/prasun/wbcoopcsp/vendor/laravel/framework/src/Illuminate/Foundation/Application.php(211): Illuminate\\Foundation\\Bootstrap\\BootProviders->bootstrap(Object(Illuminate\\Foundation\\Application))
#9 /var/www/html/prasun/wbcoopcsp/vendor/laravel/framework/src/Illuminate/Foundation/Http/Kernel.php(162): Illuminate\\Foundation\\Application->bootstrapWith(Array)
#10 /var/www/html/prasun/wbcoopcsp/vendor/laravel/framework/src/Illuminate/Foundation/Http/Kernel.php(146): Illuminate\\Foundation\\Http\\Kernel->bootstrap()
#11 /var/www/html/prasun/wbcoopcsp/vendor/laravel/framework/src/Illuminate/Foundation/Http/Kernel.php(116): Illuminate\\Foundation\\Http\\Kernel->sendRequestThroughRouter(Object(Illuminate\\Http\\Request))
#12 /var/www/html/prasun/wbcoopcsp/public/index.php(55): Illuminate\\Foundation\\Http\\Kernel->handle(Object(Illuminate\\Http\\Request))
#13 /var/www/html/prasun/wbcoopcsp/server.php(21): require_once('/var/www/html/p...')
#14 {main}
"} 
[2023-02-23 14:24:55] local.ERROR: Class 'Composer\InstalledVersions' not found {"exception":"[object] (Symfony\\Component\\Debug\\Exception\\FatalThrowableError(code: 0): Class 'Composer\\InstalledVersions' not found at /var/www/html/prasun/wbcoopcsp/vendor/maatwebsite/excel/src/Cache/CacheManager.php:43)
[stacktrace]
#0 /var/www/html/prasun/wbcoopcsp/vendor/laravel/framework/src/Illuminate/Support/Manager.php(115): Maatwebsite\\Excel\\Cache\\CacheManager->createMemoryDriver()
#1 /var/www/html/prasun/wbcoopcsp/vendor/laravel/framework/src/Illuminate/Support/Manager.php(90): Illuminate\\Support\\Manager->createDriver()
#2 /var/www/html/prasun/wbcoopcsp/vendor/maatwebsite/excel/src/SettingsProvider.php(31): Illuminate\\Support\\Manager->driver()
#3 /var/www/html/prasun/wbcoopcsp/vendor/maatwebsite/excel/src/SettingsProvider.php(25): Maatwebsite\\Excel\\SettingsProvider->configureCellCaching()
#4 /var/www/html/prasun/wbcoopcsp/vendor/maatwebsite/excel/src/ExcelServiceProvider.php(47): Maatwebsite\\Excel\\SettingsProvider->provide()
#5 /var/www/html/prasun/wbcoopcsp/vendor/laravel/framework/src/Illuminate/Foundation/Application.php(867): Maatwebsite\\Excel\\ExcelServiceProvider->Maatwebsite\\Excel\\{closure}()
#6 /var/www/html/prasun/wbcoopcsp/vendor/laravel/framework/src/Illuminate/Foundation/Application.php(816): Illuminate\\Foundation\\Application->fireAppCallbacks()
#7 /var/www/html/prasun/wbcoopcsp/vendor/laravel/framework/src/Illuminate/Foundation/Bootstrap/BootProviders.php(17): Illuminate\\Foundation\\Application->boot()
#8 /var/www/html/prasun/wbcoopcsp/vendor/laravel/framework/src/Illuminate/Foundation/Application.php(211): Illuminate\\Foundation\\Bootstrap\\BootProviders->bootstrap()
#9 /var/www/html/prasun/wbcoopcsp/vendor/laravel/framework/src/Illuminate/Foundation/Console/Kernel.php(320): Illuminate\\Foundation\\Application->bootstrapWith()
#10 /var/www/html/prasun/wbcoopcsp/vendor/laravel/framework/src/Illuminate/Foundation/Console/Kernel.php(129): Illuminate\\Foundation\\Console\\Kernel->bootstrap()
#11 /var/www/html/prasun/wbcoopcsp/artisan(37): Illuminate\\Foundation\\Console\\Kernel->handle()
#12 {main}
"} 
[2023-02-23 14:30:54] local.ERROR: Class 'Composer\InstalledVersions' not found {"exception":"[object] (Symfony\\Component\\Debug\\Exception\\FatalThrowableError(code: 0): Class 'Composer\\InstalledVersions' not found at /var/www/html/prasun/wbcoopcsp/vendor/maatwebsite/excel/src/Cache/CacheManager.php:43)
[stacktrace]
#0 /var/www/html/prasun/wbcoopcsp/vendor/laravel/framework/src/Illuminate/Support/Manager.php(115): Maatwebsite\\Excel\\Cache\\CacheManager->createMemoryDriver()
#1 /var/www/html/prasun/wbcoopcsp/vendor/laravel/framework/src/Illuminate/Support/Manager.php(90): Illuminate\\Support\\Manager->createDriver()
#2 /var/www/html/prasun/wbcoopcsp/vendor/maatwebsite/excel/src/SettingsProvider.php(31): Illuminate\\Support\\Manager->driver()
#3 /var/www/html/prasun/wbcoopcsp/vendor/maatwebsite/excel/src/SettingsProvider.php(25): Maatwebsite\\Excel\\SettingsProvider->configureCellCaching()
#4 /var/www/html/prasun/wbcoopcsp/vendor/maatwebsite/excel/src/ExcelServiceProvider.php(47): Maatwebsite\\Excel\\SettingsProvider->provide()
#5 /var/www/html/prasun/wbcoopcsp/vendor/laravel/framework/src/Illuminate/Foundation/Application.php(867): Maatwebsite\\Excel\\ExcelServiceProvider->Maatwebsite\\Excel\\{closure}()
#6 /var/www/html/prasun/wbcoopcsp/vendor/laravel/framework/src/Illuminate/Foundation/Application.php(816): Illuminate\\Foundation\\Application->fireAppCallbacks()
#7 /var/www/html/prasun/wbcoopcsp/vendor/laravel/framework/src/Illuminate/Foundation/Bootstrap/BootProviders.php(17): Illuminate\\Foundation\\Application->boot()
#8 /var/www/html/prasun/wbcoopcsp/vendor/laravel/framework/src/Illuminate/Foundation/Application.php(211): Illuminate\\Foundation\\Bootstrap\\BootProviders->bootstrap()
#9 /var/www/html/prasun/wbcoopcsp/vendor/laravel/framework/src/Illuminate/Foundation/Console/Kernel.php(320): Illuminate\\Foundation\\Application->bootstrapWith()
#10 /var/www/html/prasun/wbcoopcsp/vendor/laravel/framework/src/Illuminate/Foundation/Console/Kernel.php(129): Illuminate\\Foundation\\Console\\Kernel->bootstrap()
#11 /var/www/html/prasun/wbcoopcsp/artisan(37): Illuminate\\Foundation\\Console\\Kernel->handle()
#12 {main}
"} 
[2023-02-23 14:38:44] local.ERROR: Class 'Composer\InstalledVersions' not found {"exception":"[object] (Symfony\\Component\\Debug\\Exception\\FatalThrowableError(code: 0): Class 'Composer\\InstalledVersions' not found at /var/www/html/prasun/wbcoopcsp/vendor/maatwebsite/excel/src/Cache/CacheManager.php:43)
[stacktrace]
#0 /var/www/html/prasun/wbcoopcsp/vendor/laravel/framework/src/Illuminate/Support/Manager.php(115): Maatwebsite\\Excel\\Cache\\CacheManager->createMemoryDriver()
#1 /var/www/html/prasun/wbcoopcsp/vendor/laravel/framework/src/Illuminate/Support/Manager.php(90): Illuminate\\Support\\Manager->createDriver()
#2 /var/www/html/prasun/wbcoopcsp/vendor/maatwebsite/excel/src/SettingsProvider.php(31): Illuminate\\Support\\Manager->driver()
#3 /var/www/html/prasun/wbcoopcsp/vendor/maatwebsite/excel/src/SettingsProvider.php(25): Maatwebsite\\Excel\\SettingsProvider->configureCellCaching()
#4 /var/www/html/prasun/wbcoopcsp/vendor/maatwebsite/excel/src/ExcelServiceProvider.php(47): Maatwebsite\\Excel\\SettingsProvider->provide()
#5 /var/www/html/prasun/wbcoopcsp/vendor/laravel/framework/src/Illuminate/Foundation/Application.php(867): Maatwebsite\\Excel\\ExcelServiceProvider->Maatwebsite\\Excel\\{closure}()
#6 /var/www/html/prasun/wbcoopcsp/vendor/laravel/framework/src/Illuminate/Foundation/Application.php(816): Illuminate\\Foundation\\Application->fireAppCallbacks()
#7 /var/www/html/prasun/wbcoopcsp/vendor/laravel/framework/src/Illuminate/Foundation/Bootstrap/BootProviders.php(17): Illuminate\\Foundation\\Application->boot()
#8 /var/www/html/prasun/wbcoopcsp/vendor/laravel/framework/src/Illuminate/Foundation/Application.php(211): Illuminate\\Foundation\\Bootstrap\\BootProviders->bootstrap()
#9 /var/www/html/prasun/wbcoopcsp/vendor/laravel/framework/src/Illuminate/Foundation/Console/Kernel.php(320): Illuminate\\Foundation\\Application->bootstrapWith()
#10 /var/www/html/prasun/wbcoopcsp/vendor/laravel/framework/src/Illuminate/Foundation/Console/Kernel.php(129): Illuminate\\Foundation\\Console\\Kernel->bootstrap()
#11 /var/www/html/prasun/wbcoopcsp/artisan(37): Illuminate\\Foundation\\Console\\Kernel->handle()
#12 {main}
"} 
[2023-02-23 14:58:27] local.ERROR: Class 'Composer\InstalledVersions' not found {"exception":"[object] (Symfony\\Component\\Debug\\Exception\\FatalThrowableError(code: 0): Class 'Composer\\InstalledVersions' not found at /var/www/html/prasun/wbcoopcsp/vendor/maatwebsite/excel/src/Cache/CacheManager.php:43)
[stacktrace]
#0 /var/www/html/prasun/wbcoopcsp/vendor/laravel/framework/src/Illuminate/Support/Manager.php(115): Maatwebsite\\Excel\\Cache\\CacheManager->createMemoryDriver()
#1 /var/www/html/prasun/wbcoopcsp/vendor/laravel/framework/src/Illuminate/Support/Manager.php(90): Illuminate\\Support\\Manager->createDriver('memory')
#2 /var/www/html/prasun/wbcoopcsp/vendor/maatwebsite/excel/src/SettingsProvider.php(31): Illuminate\\Support\\Manager->driver()
#3 /var/www/html/prasun/wbcoopcsp/vendor/maatwebsite/excel/src/SettingsProvider.php(25): Maatwebsite\\Excel\\SettingsProvider->configureCellCaching()
#4 /var/www/html/prasun/wbcoopcsp/vendor/maatwebsite/excel/src/ExcelServiceProvider.php(47): Maatwebsite\\Excel\\SettingsProvider->provide()
#5 /var/www/html/prasun/wbcoopcsp/vendor/laravel/framework/src/Illuminate/Foundation/Application.php(867): Maatwebsite\\Excel\\ExcelServiceProvider->Maatwebsite\\Excel\\{closure}(Object(Illuminate\\Foundation\\Application))
#6 /var/www/html/prasun/wbcoopcsp/vendor/laravel/framework/src/Illuminate/Foundation/Application.php(816): Illuminate\\Foundation\\Application->fireAppCallbacks(Array)
#7 /var/www/html/prasun/wbcoopcsp/vendor/laravel/framework/src/Illuminate/Foundation/Bootstrap/BootProviders.php(17): Illuminate\\Foundation\\Application->boot()
#8 /var/www/html/prasun/wbcoopcsp/vendor/laravel/framework/src/Illuminate/Foundation/Application.php(211): Illuminate\\Foundation\\Bootstrap\\BootProviders->bootstrap(Object(Illuminate\\Foundation\\Application))
#9 /var/www/html/prasun/wbcoopcsp/vendor/laravel/framework/src/Illuminate/Foundation/Console/Kernel.php(320): Illuminate\\Foundation\\Application->bootstrapWith(Array)
#10 /var/www/html/prasun/wbcoopcsp/vendor/laravel/framework/src/Illuminate/Foundation/Console/Kernel.php(129): Illuminate\\Foundation\\Console\\Kernel->bootstrap()
#11 /var/www/html/prasun/wbcoopcsp/artisan(37): Illuminate\\Foundation\\Console\\Kernel->handle(Object(Symfony\\Component\\Console\\Input\\ArgvInput), Object(Symfony\\Component\\Console\\Output\\ConsoleOutput))
#12 {main}
"} 
[2023-02-23 15:04:02] local.ERROR: Class 'Composer\InstalledVersions' not found {"exception":"[object] (Symfony\\Component\\Debug\\Exception\\FatalThrowableError(code: 0): Class 'Composer\\InstalledVersions' not found at /var/www/html/prasun/wbcoopcsp/vendor/maatwebsite/excel/src/Cache/CacheManager.php:43)
[stacktrace]
#0 /var/www/html/prasun/wbcoopcsp/vendor/laravel/framework/src/Illuminate/Support/Manager.php(115): Maatwebsite\\Excel\\Cache\\CacheManager->createMemoryDriver()
#1 /var/www/html/prasun/wbcoopcsp/vendor/laravel/framework/src/Illuminate/Support/Manager.php(90): Illuminate\\Support\\Manager->createDriver('memory')
#2 /var/www/html/prasun/wbcoopcsp/vendor/maatwebsite/excel/src/SettingsProvider.php(31): Illuminate\\Support\\Manager->driver()
#3 /var/www/html/prasun/wbcoopcsp/vendor/maatwebsite/excel/src/SettingsProvider.php(25): Maatwebsite\\Excel\\SettingsProvider->configureCellCaching()
#4 /var/www/html/prasun/wbcoopcsp/vendor/maatwebsite/excel/src/ExcelServiceProvider.php(47): Maatwebsite\\Excel\\SettingsProvider->provide()
#5 /var/www/html/prasun/wbcoopcsp/vendor/laravel/framework/src/Illuminate/Foundation/Application.php(867): Maatwebsite\\Excel\\ExcelServiceProvider->Maatwebsite\\Excel\\{closure}(Object(Illuminate\\Foundation\\Application))
#6 /var/www/html/prasun/wbcoopcsp/vendor/laravel/framework/src/Illuminate/Foundation/Application.php(816): Illuminate\\Foundation\\Application->fireAppCallbacks(Array)
#7 /var/www/html/prasun/wbcoopcsp/vendor/laravel/framework/src/Illuminate/Foundation/Bootstrap/BootProviders.php(17): Illuminate\\Foundation\\Application->boot()
#8 /var/www/html/prasun/wbcoopcsp/vendor/laravel/framework/src/Illuminate/Foundation/Application.php(211): Illuminate\\Foundation\\Bootstrap\\BootProviders->bootstrap(Object(Illuminate\\Foundation\\Application))
#9 /var/www/html/prasun/wbcoopcsp/vendor/laravel/framework/src/Illuminate/Foundation/Console/Kernel.php(320): Illuminate\\Foundation\\Application->bootstrapWith(Array)
#10 /var/www/html/prasun/wbcoopcsp/vendor/laravel/framework/src/Illuminate/Foundation/Console/Kernel.php(129): Illuminate\\Foundation\\Console\\Kernel->bootstrap()
#11 /var/www/html/prasun/wbcoopcsp/artisan(37): Illuminate\\Foundation\\Console\\Kernel->handle(Object(Symfony\\Component\\Console\\Input\\ArgvInput), Object(Symfony\\Component\\Console\\Output\\ConsoleOutput))
#12 {main}
"} 
[2023-02-23 15:38:50] local.ERROR: Class 'Maatwebsite\Excel\ExcelServiceProvider' not found {"exception":"[object] (Symfony\\Component\\Debug\\Exception\\FatalThrowableError(code: 0): Class 'Maatwebsite\\Excel\\ExcelServiceProvider' not found at /var/www/html/prasun/wbcoopcsp/vendor/laravel/framework/src/Illuminate/Foundation/ProviderRepository.php:208)
[stacktrace]
#0 /var/www/html/prasun/wbcoopcsp/vendor/laravel/framework/src/Illuminate/Foundation/ProviderRepository.php(144): Illuminate\\Foundation\\ProviderRepository->createProvider('Maatwebsite\\\\Exc...')
#1 /var/www/html/prasun/wbcoopcsp/vendor/laravel/framework/src/Illuminate/Foundation/ProviderRepository.php(61): Illuminate\\Foundation\\ProviderRepository->compileManifest(Array)
#2 /var/www/html/prasun/wbcoopcsp/vendor/laravel/framework/src/Illuminate/Foundation/Application.php(585): Illuminate\\Foundation\\ProviderRepository->load(Array)
#3 /var/www/html/prasun/wbcoopcsp/vendor/laravel/framework/src/Illuminate/Foundation/Bootstrap/RegisterProviders.php(17): Illuminate\\Foundation\\Application->registerConfiguredProviders()
#4 /var/www/html/prasun/wbcoopcsp/vendor/laravel/framework/src/Illuminate/Foundation/Application.php(211): Illuminate\\Foundation\\Bootstrap\\RegisterProviders->bootstrap(Object(Illuminate\\Foundation\\Application))
#5 /var/www/html/prasun/wbcoopcsp/vendor/laravel/framework/src/Illuminate/Foundation/Http/Kernel.php(162): Illuminate\\Foundation\\Application->bootstrapWith(Array)
#6 /var/www/html/prasun/wbcoopcsp/vendor/laravel/framework/src/Illuminate/Foundation/Http/Kernel.php(146): Illuminate\\Foundation\\Http\\Kernel->bootstrap()
#7 /var/www/html/prasun/wbcoopcsp/vendor/laravel/framework/src/Illuminate/Foundation/Http/Kernel.php(116): Illuminate\\Foundation\\Http\\Kernel->sendRequestThroughRouter(Object(Illuminate\\Http\\Request))
#8 /var/www/html/prasun/wbcoopcsp/public/index.php(55): Illuminate\\Foundation\\Http\\Kernel->handle(Object(Illuminate\\Http\\Request))
#9 /var/www/html/prasun/wbcoopcsp/server.php(21): require_once('/var/www/html/p...')
#10 {main}
"} 
[2023-02-23 15:43:59] local.ERROR: Class 'Maatwebsite\Excel\ExcelServiceProvider' not found {"exception":"[object] (Symfony\\Component\\Debug\\Exception\\FatalThrowableError(code: 0): Class 'Maatwebsite\\Excel\\ExcelServiceProvider' not found at /var/www/html/prasun/wbcoopcsp/vendor/laravel/framework/src/Illuminate/Foundation/ProviderRepository.php:208)
[stacktrace]
#0 /var/www/html/prasun/wbcoopcsp/vendor/laravel/framework/src/Illuminate/Foundation/ProviderRepository.php(144): Illuminate\\Foundation\\ProviderRepository->createProvider('Maatwebsite\\\\Exc...')
#1 /var/www/html/prasun/wbcoopcsp/vendor/laravel/framework/src/Illuminate/Foundation/ProviderRepository.php(61): Illuminate\\Foundation\\ProviderRepository->compileManifest(Array)
#2 /var/www/html/prasun/wbcoopcsp/vendor/laravel/framework/src/Illuminate/Foundation/Application.php(585): Illuminate\\Foundation\\ProviderRepository->load(Array)
#3 /var/www/html/prasun/wbcoopcsp/vendor/laravel/framework/src/Illuminate/Foundation/Bootstrap/RegisterProviders.php(17): Illuminate\\Foundation\\Application->registerConfiguredProviders()
#4 /var/www/html/prasun/wbcoopcsp/vendor/laravel/framework/src/Illuminate/Foundation/Application.php(211): Illuminate\\Foundation\\Bootstrap\\RegisterProviders->bootstrap(Object(Illuminate\\Foundation\\Application))
#5 /var/www/html/prasun/wbcoopcsp/vendor/laravel/framework/src/Illuminate/Foundation/Http/Kernel.php(162): Illuminate\\Foundation\\Application->bootstrapWith(Array)
#6 /var/www/html/prasun/wbcoopcsp/vendor/laravel/framework/src/Illuminate/Foundation/Http/Kernel.php(146): Illuminate\\Foundation\\Http\\Kernel->bootstrap()
#7 /var/www/html/prasun/wbcoopcsp/vendor/laravel/framework/src/Illuminate/Foundation/Http/Kernel.php(116): Illuminate\\Foundation\\Http\\Kernel->sendRequestThroughRouter(Object(Illuminate\\Http\\Request))
#8 /var/www/html/prasun/wbcoopcsp/public/index.php(55): Illuminate\\Foundation\\Http\\Kernel->handle(Object(Illuminate\\Http\\Request))
#9 /var/www/html/prasun/wbcoopcsp/server.php(21): require_once('/var/www/html/p...')
#10 {main}
"} 
[2023-02-23 15:44:01] local.ERROR: Class 'Maatwebsite\Excel\ExcelServiceProvider' not found {"exception":"[object] (Symfony\\Component\\Debug\\Exception\\FatalThrowableError(code: 0): Class 'Maatwebsite\\Excel\\ExcelServiceProvider' not found at /var/www/html/prasun/wbcoopcsp/vendor/laravel/framework/src/Illuminate/Foundation/ProviderRepository.php:208)
[stacktrace]
#0 /var/www/html/prasun/wbcoopcsp/vendor/laravel/framework/src/Illuminate/Foundation/ProviderRepository.php(144): Illuminate\\Foundation\\ProviderRepository->createProvider('Maatwebsite\\\\Exc...')
#1 /var/www/html/prasun/wbcoopcsp/vendor/laravel/framework/src/Illuminate/Foundation/ProviderRepository.php(61): Illuminate\\Foundation\\ProviderRepository->compileManifest(Array)
#2 /var/www/html/prasun/wbcoopcsp/vendor/laravel/framework/src/Illuminate/Foundation/Application.php(585): Illuminate\\Foundation\\ProviderRepository->load(Array)
#3 /var/www/html/prasun/wbcoopcsp/vendor/laravel/framework/src/Illuminate/Foundation/Bootstrap/RegisterProviders.php(17): Illuminate\\Foundation\\Application->registerConfiguredProviders()
#4 /var/www/html/prasun/wbcoopcsp/vendor/laravel/framework/src/Illuminate/Foundation/Application.php(211): Illuminate\\Foundation\\Bootstrap\\RegisterProviders->bootstrap(Object(Illuminate\\Foundation\\Application))
#5 /var/www/html/prasun/wbcoopcsp/vendor/laravel/framework/src/Illuminate/Foundation/Http/Kernel.php(162): Illuminate\\Foundation\\Application->bootstrapWith(Array)
#6 /var/www/html/prasun/wbcoopcsp/vendor/laravel/framework/src/Illuminate/Foundation/Http/Kernel.php(146): Illuminate\\Foundation\\Http\\Kernel->bootstrap()
#7 /var/www/html/prasun/wbcoopcsp/vendor/laravel/framework/src/Illuminate/Foundation/Http/Kernel.php(116): Illuminate\\Foundation\\Http\\Kernel->sendRequestThroughRouter(Object(Illuminate\\Http\\Request))
#8 /var/www/html/prasun/wbcoopcsp/public/index.php(55): Illuminate\\Foundation\\Http\\Kernel->handle(Object(Illuminate\\Http\\Request))
#9 /var/www/html/prasun/wbcoopcsp/server.php(21): require_once('/var/www/html/p...')
#10 {main}
"} 
[2023-02-23 15:44:42] local.ERROR: Class 'Maatwebsite\Excel\ExcelServiceProvider' not found {"exception":"[object] (Symfony\\Component\\Debug\\Exception\\FatalThrowableError(code: 0): Class 'Maatwebsite\\Excel\\ExcelServiceProvider' not found at /var/www/html/prasun/wbcoopcsp/vendor/laravel/framework/src/Illuminate/Foundation/ProviderRepository.php:208)
[stacktrace]
#0 /var/www/html/prasun/wbcoopcsp/vendor/laravel/framework/src/Illuminate/Foundation/ProviderRepository.php(144): Illuminate\\Foundation\\ProviderRepository->createProvider('Maatwebsite\\\\Exc...')
#1 /var/www/html/prasun/wbcoopcsp/vendor/laravel/framework/src/Illuminate/Foundation/ProviderRepository.php(61): Illuminate\\Foundation\\ProviderRepository->compileManifest(Array)
#2 /var/www/html/prasun/wbcoopcsp/vendor/laravel/framework/src/Illuminate/Foundation/Application.php(585): Illuminate\\Foundation\\ProviderRepository->load(Array)
#3 /var/www/html/prasun/wbcoopcsp/vendor/laravel/framework/src/Illuminate/Foundation/Bootstrap/RegisterProviders.php(17): Illuminate\\Foundation\\Application->registerConfiguredProviders()
#4 /var/www/html/prasun/wbcoopcsp/vendor/laravel/framework/src/Illuminate/Foundation/Application.php(211): Illuminate\\Foundation\\Bootstrap\\RegisterProviders->bootstrap(Object(Illuminate\\Foundation\\Application))
#5 /var/www/html/prasun/wbcoopcsp/vendor/laravel/framework/src/Illuminate/Foundation/Console/Kernel.php(320): Illuminate\\Foundation\\Application->bootstrapWith(Array)
#6 /var/www/html/prasun/wbcoopcsp/vendor/laravel/framework/src/Illuminate/Foundation/Console/Kernel.php(129): Illuminate\\Foundation\\Console\\Kernel->bootstrap()
#7 /var/www/html/prasun/wbcoopcsp/artisan(37): Illuminate\\Foundation\\Console\\Kernel->handle(Object(Symfony\\Component\\Console\\Input\\ArgvInput), Object(Symfony\\Component\\Console\\Output\\ConsoleOutput))
#8 {main}
"} 
